<?xml version="1.0" encoding="utf-8"?>
<test-run id="2" name="Delegates.PairsAnalysis.exe" fullname="D:/Учеба/прога/ulearn/пис/DesignOfInformationSystems/Delegates.PairsAnalysis.csproj/bin/Debug/Delegates.PairsAnalysis.exe" testcasecount="12" result="Passed" start-time="2021-05-13 04:41:05Z" end-time="2021-05-13 04:41:05Z" duration="0.556582" total="12" passed="12" failed="0" inconclusive="0" skipped="0" asserts="12" random-seed="1428278638">
  <command-line><![CDATA["D:\Учеба\прога\ulearn\пис\DesignOfInformationSystems\Delegates.PairsAnalysis.csproj\bin\Debug\Delegates.PairsAnalysis.exe"   ]]></command-line>
  <filter />
  <test-suite type="Assembly" id="1015" name="Delegates.PairsAnalysis.exe" fullname="D:/Учеба/прога/ulearn/пис/DesignOfInformationSystems/Delegates.PairsAnalysis.csproj/bin/Debug/Delegates.PairsAnalysis.exe" runstate="Runnable" testcasecount="12" result="Passed" start-time="2021-05-13 04:41:05Z" end-time="2021-05-13 04:41:05Z" duration="0.556582" total="12" passed="12" failed="0" warnings="0" inconclusive="0" skipped="0" asserts="12">
    <environment framework-version="3.6.0.0" clr-version="4.0.30319.42000" os-version="Microsoft Windows NT 6.2.9200.0" platform="Win32NT" cwd="D:\Учеба\прога\ulearn\пис\DesignOfInformationSystems\Delegates.PairsAnalysis.csproj\bin\Debug" machine-name="DESKTOP-SVC8GHR" user="user" user-domain="DESKTOP-SVC8GHR" culture="ru-RU" uiculture="ru-RU" os-architecture="x86" />
    <settings>
      <setting name="WorkDirectory" value="D:\Учеба\прога\ulearn\пис\DesignOfInformationSystems\Delegates.PairsAnalysis.csproj\bin\Debug" />
      <setting name="NumberOfTestWorkers" value="8" />
    </settings>
    <properties>
      <property name="_PID" value="10632" />
      <property name="_APPDOMAIN" value="Delegates.PairsAnalysis.exe" />
    </properties>
    <test-suite type="TestSuite" id="1016" name="Delegates" fullname="Delegates" runstate="Runnable" testcasecount="12" result="Passed" start-time="2021-05-13 04:41:05Z" end-time="2021-05-13 04:41:05Z" duration="0.525676" total="12" passed="12" failed="0" warnings="0" inconclusive="0" skipped="0" asserts="12">
      <test-suite type="TestSuite" id="1017" name="PairsAnalysis" fullname="Delegates.PairsAnalysis" runstate="Runnable" testcasecount="12" result="Passed" start-time="2021-05-13 04:41:05Z" end-time="2021-05-13 04:41:05Z" duration="0.494623" total="12" passed="12" failed="0" warnings="0" inconclusive="0" skipped="0" asserts="12">
        <test-suite type="TestFixture" id="1000" name="Analysis_should" fullname="Delegates.PairsAnalysis.Analysis_should" classname="Delegates.PairsAnalysis.Analysis_should" runstate="Runnable" testcasecount="12" result="Passed" start-time="2021-05-13 04:41:05Z" end-time="2021-05-13 04:41:05Z" duration="0.463709" total="12" passed="12" failed="0" warnings="0" inconclusive="0" skipped="0" asserts="12">
          <test-suite type="ParameterizedMethod" id="1012" name="FindAverageRelativeDifference_ProcessDoublesCorrectly" fullname="Delegates.PairsAnalysis.Analysis_should.FindAverageRelativeDifference_ProcessDoublesCorrectly" classname="Delegates.PairsAnalysis.Analysis_should" runstate="Runnable" testcasecount="5" result="Passed" start-time="2021-05-13 04:41:05Z" end-time="2021-05-13 04:41:05Z" duration="0.172392" total="5" passed="5" failed="0" warnings="0" inconclusive="0" skipped="0" asserts="5">
            <test-case id="1007" name="FindAverageRelativeDifference_ProcessDoublesCorrectly(0.0d,System.Double[])" fullname="Delegates.PairsAnalysis.Analysis_should.FindAverageRelativeDifference_ProcessDoublesCorrectly(0.0d,System.Double[])" methodname="FindAverageRelativeDifference_ProcessDoublesCorrectly" classname="Delegates.PairsAnalysis.Analysis_should" runstate="Runnable" seed="2019784322" result="Passed" start-time="2021-05-13 04:41:05Z" end-time="2021-05-13 04:41:05Z" duration="0.018278" asserts="1" />
            <test-case id="1008" name="FindAverageRelativeDifference_ProcessDoublesCorrectly(1.0d,System.Double[])" fullname="Delegates.PairsAnalysis.Analysis_should.FindAverageRelativeDifference_ProcessDoublesCorrectly(1.0d,System.Double[])" methodname="FindAverageRelativeDifference_ProcessDoublesCorrectly" classname="Delegates.PairsAnalysis.Analysis_should" runstate="Runnable" seed="1040139899" result="Passed" start-time="2021-05-13 04:41:05Z" end-time="2021-05-13 04:41:05Z" duration="0.000142" asserts="1" />
            <test-case id="1009" name="FindAverageRelativeDifference_ProcessDoublesCorrectly(-1.0d,System.Double[])" fullname="Delegates.PairsAnalysis.Analysis_should.FindAverageRelativeDifference_ProcessDoublesCorrectly(-1.0d,System.Double[])" methodname="FindAverageRelativeDifference_ProcessDoublesCorrectly" classname="Delegates.PairsAnalysis.Analysis_should" runstate="Runnable" seed="1208808329" result="Passed" start-time="2021-05-13 04:41:05Z" end-time="2021-05-13 04:41:05Z" duration="0.000147" asserts="1" />
            <test-case id="1010" name="FindAverageRelativeDifference_ProcessDoublesCorrectly(0.1d,System.Double[])" fullname="Delegates.PairsAnalysis.Analysis_should.FindAverageRelativeDifference_ProcessDoublesCorrectly(0.1d,System.Double[])" methodname="FindAverageRelativeDifference_ProcessDoublesCorrectly" classname="Delegates.PairsAnalysis.Analysis_should" runstate="Runnable" seed="3292505" result="Passed" start-time="2021-05-13 04:41:05Z" end-time="2021-05-13 04:41:05Z" duration="0.000151" asserts="1" />
            <test-case id="1011" name="FindAverageRelativeDifference_ProcessDoublesCorrectly(1.5d,System.Double[])" fullname="Delegates.PairsAnalysis.Analysis_should.FindAverageRelativeDifference_ProcessDoublesCorrectly(1.5d,System.Double[])" methodname="FindAverageRelativeDifference_ProcessDoublesCorrectly" classname="Delegates.PairsAnalysis.Analysis_should" runstate="Runnable" seed="1824101199" result="Passed" start-time="2021-05-13 04:41:05Z" end-time="2021-05-13 04:41:05Z" duration="0.000165" asserts="1" />
          </test-suite>
          <test-case id="1013" name="FindAverageRelativeDifference_ThrowsAtEmptyCollection" fullname="Delegates.PairsAnalysis.Analysis_should.FindAverageRelativeDifference_ThrowsAtEmptyCollection" methodname="FindAverageRelativeDifference_ThrowsAtEmptyCollection" classname="Delegates.PairsAnalysis.Analysis_should" runstate="Runnable" seed="717200213" result="Passed" start-time="2021-05-13 04:41:05Z" end-time="2021-05-13 04:41:05Z" duration="0.017688" asserts="1" />
          <test-case id="1014" name="FindAverageRelativeDifference_ThrowsAtOneElementCollection" fullname="Delegates.PairsAnalysis.Analysis_should.FindAverageRelativeDifference_ThrowsAtOneElementCollection" methodname="FindAverageRelativeDifference_ThrowsAtOneElementCollection" classname="Delegates.PairsAnalysis.Analysis_should" runstate="Runnable" seed="605921347" result="Passed" start-time="2021-05-13 04:41:05Z" end-time="2021-05-13 04:41:05Z" duration="0.006138" asserts="1" />
          <test-suite type="ParameterizedMethod" id="1004" name="FindMaxPeriodIndex_ProcessDatesCorrectly" fullname="Delegates.PairsAnalysis.Analysis_should.FindMaxPeriodIndex_ProcessDatesCorrectly" classname="Delegates.PairsAnalysis.Analysis_should" runstate="Runnable" testcasecount="3" result="Passed" start-time="2021-05-13 04:41:05Z" end-time="2021-05-13 04:41:05Z" duration="0.092518" total="3" passed="3" failed="0" warnings="0" inconclusive="0" skipped="0" asserts="3">
            <test-case id="1001" name="FindMaxPeriodIndex_ProcessDatesCorrectly(0,System.String[])" fullname="Delegates.PairsAnalysis.Analysis_should.FindMaxPeriodIndex_ProcessDatesCorrectly(0,System.String[])" methodname="FindMaxPeriodIndex_ProcessDatesCorrectly" classname="Delegates.PairsAnalysis.Analysis_should" runstate="Runnable" seed="2041408030" result="Passed" start-time="2021-05-13 04:41:05Z" end-time="2021-05-13 04:41:05Z" duration="0.013916" asserts="1" />
            <test-case id="1002" name="FindMaxPeriodIndex_ProcessDatesCorrectly(2,System.String[])" fullname="Delegates.PairsAnalysis.Analysis_should.FindMaxPeriodIndex_ProcessDatesCorrectly(2,System.String[])" methodname="FindMaxPeriodIndex_ProcessDatesCorrectly" classname="Delegates.PairsAnalysis.Analysis_should" runstate="Runnable" seed="2104835833" result="Passed" start-time="2021-05-13 04:41:05Z" end-time="2021-05-13 04:41:05Z" duration="0.000281" asserts="1" />
            <test-case id="1003" name="FindMaxPeriodIndex_ProcessDatesCorrectly(4,System.String[])" fullname="Delegates.PairsAnalysis.Analysis_should.FindMaxPeriodIndex_ProcessDatesCorrectly(4,System.String[])" methodname="FindMaxPeriodIndex_ProcessDatesCorrectly" classname="Delegates.PairsAnalysis.Analysis_should" runstate="Runnable" seed="217279133" result="Passed" start-time="2021-05-13 04:41:05Z" end-time="2021-05-13 04:41:05Z" duration="0.000118" asserts="1" />
          </test-suite>
          <test-case id="1005" name="FindMaxPeriodIndex_ThrowsAtEmptyCollection" fullname="Delegates.PairsAnalysis.Analysis_should.FindMaxPeriodIndex_ThrowsAtEmptyCollection" methodname="FindMaxPeriodIndex_ThrowsAtEmptyCollection" classname="Delegates.PairsAnalysis.Analysis_should" runstate="Runnable" seed="1310679814" result="Passed" start-time="2021-05-13 04:41:05Z" end-time="2021-05-13 04:41:05Z" duration="0.000931" asserts="1" />
          <test-case id="1006" name="FindMaxPeriodIndex_ThrowsAtOneElementCollection" fullname="Delegates.PairsAnalysis.Analysis_should.FindMaxPeriodIndex_ThrowsAtOneElementCollection" methodname="FindMaxPeriodIndex_ThrowsAtOneElementCollection" classname="Delegates.PairsAnalysis.Analysis_should" runstate="Runnable" seed="755561867" result="Passed" start-time="2021-05-13 04:41:05Z" end-time="2021-05-13 04:41:05Z" duration="0.001102" asserts="1" />
        </test-suite>
      </test-suite>
    </test-suite>
  </test-suite>
</test-run>