<?xml version="1.0" encoding="utf-8"?>
<test-run id="2" name="Inheritance.Geometry.exe" fullname="D:/Учеба/прога/ulearn/пис/Inheritance.Geometry.csproj/bin/Debug/Inheritance.Geometry.exe" testcasecount="155" result="Failed" start-time="2021-04-07 09:59:41Z" end-time="2021-04-07 09:59:47Z" duration="6.197013" total="155" passed="151" failed="4" inconclusive="0" skipped="0" asserts="9540" random-seed="2023168838">
  <command-line><![CDATA["D:\Учеба\прога\ulearn\пис\Inheritance.Geometry.csproj\bin\Debug\Inheritance.Geometry.exe"   ]]></command-line>
  <filter />
  <test-suite type="Assembly" id="1172" name="Inheritance.Geometry.exe" fullname="D:/Учеба/прога/ulearn/пис/Inheritance.Geometry.csproj/bin/Debug/Inheritance.Geometry.exe" runstate="Runnable" testcasecount="155" result="Failed" site="Child" start-time="2021-04-07 09:59:41Z" end-time="2021-04-07 09:59:47Z" duration="6.197013" total="155" passed="151" failed="4" warnings="0" inconclusive="0" skipped="0" asserts="9540">
    <environment framework-version="3.6.0.0" clr-version="4.0.30319.42000" os-version="Microsoft Windows NT 6.2.9200.0" platform="Win32NT" cwd="D:\Учеба\прога\ulearn\пис\Inheritance.Geometry.csproj\bin\Debug" machine-name="DESKTOP-SVC8GHR" user="user" user-domain="DESKTOP-SVC8GHR" culture="ru-RU" uiculture="ru-RU" os-architecture="x86" />
    <settings>
      <setting name="WorkDirectory" value="D:\Учеба\прога\ulearn\пис\Inheritance.Geometry.csproj\bin\Debug" />
      <setting name="NumberOfTestWorkers" value="8" />
    </settings>
    <properties>
      <property name="_PID" value="20456" />
      <property name="_APPDOMAIN" value="Inheritance.Geometry.exe" />
    </properties>
    <failure>
      <message><![CDATA[One or more child tests had errors]]></message>
    </failure>
    <test-suite type="TestSuite" id="1173" name="Inheritance" fullname="Inheritance" runstate="Runnable" testcasecount="155" result="Failed" site="Child" start-time="2021-04-07 09:59:41Z" end-time="2021-04-07 09:59:47Z" duration="6.166106" total="155" passed="151" failed="4" warnings="0" inconclusive="0" skipped="0" asserts="9540">
      <failure>
        <message><![CDATA[One or more child tests had errors]]></message>
      </failure>
      <test-suite type="TestSuite" id="1174" name="Geometry" fullname="Inheritance.Geometry" runstate="Runnable" testcasecount="155" result="Failed" site="Child" start-time="2021-04-07 09:59:41Z" end-time="2021-04-07 09:59:47Z" duration="6.130767" total="155" passed="151" failed="4" warnings="0" inconclusive="0" skipped="0" asserts="9540">
        <failure>
          <message><![CDATA[One or more child tests had errors]]></message>
        </failure>
        <test-suite type="TestSuite" id="1175" name="Virtual" fullname="Inheritance.Geometry.Virtual" runstate="Runnable" testcasecount="100" result="Passed" start-time="2021-04-07 09:59:41Z" end-time="2021-04-07 09:59:45Z" duration="3.724269" total="100" passed="100" failed="0" warnings="0" inconclusive="0" skipped="0" asserts="9264">
          <test-suite type="TestFixture" id="1000" name="VirtualTask_Should" fullname="Inheritance.Geometry.Virtual.VirtualTask_Should" classname="Inheritance.Geometry.Virtual.VirtualTask_Should" runstate="Runnable" testcasecount="100" result="Passed" start-time="2021-04-07 09:59:41Z" end-time="2021-04-07 09:59:45Z" duration="3.677919" total="100" passed="100" failed="0" warnings="0" inconclusive="0" skipped="0" asserts="9264">
            <test-suite type="ParameterizedMethod" id="1028" name="Ball_BoundingBox_IsCorrect" fullname="Inheritance.Geometry.Virtual.VirtualTask_Should.Ball_BoundingBox_IsCorrect" classname="Inheritance.Geometry.Virtual.VirtualTask_Should" runstate="Runnable" testcasecount="13" result="Passed" start-time="2021-04-07 09:59:41Z" end-time="2021-04-07 09:59:42Z" duration="0.440823" total="13" passed="13" failed="0" warnings="0" inconclusive="0" skipped="0" asserts="52">
              <test-case id="1015" name="Ball_BoundingBox_IsCorrect(0,0,0,1)" fullname="Inheritance.Geometry.Virtual.VirtualTask_Should.Ball_BoundingBox_IsCorrect(0,0,0,1)" methodname="Ball_BoundingBox_IsCorrect" classname="Inheritance.Geometry.Virtual.VirtualTask_Should" runstate="Runnable" seed="914141351" result="Passed" start-time="2021-04-07 09:59:41Z" end-time="2021-04-07 09:59:41Z" duration="0.016703" asserts="4" />
              <test-case id="1016" name="Ball_BoundingBox_IsCorrect(6,2,4,0)" fullname="Inheritance.Geometry.Virtual.VirtualTask_Should.Ball_BoundingBox_IsCorrect(6,2,4,0)" methodname="Ball_BoundingBox_IsCorrect" classname="Inheritance.Geometry.Virtual.VirtualTask_Should" runstate="Runnable" seed="2040690631" result="Passed" start-time="2021-04-07 09:59:41Z" end-time="2021-04-07 09:59:41Z" duration="0.000316" asserts="4" />
              <test-case id="1017" name="Ball_BoundingBox_IsCorrect(-6,2,4,0)" fullname="Inheritance.Geometry.Virtual.VirtualTask_Should.Ball_BoundingBox_IsCorrect(-6,2,4,0)" methodname="Ball_BoundingBox_IsCorrect" classname="Inheritance.Geometry.Virtual.VirtualTask_Should" runstate="Runnable" seed="336864387" result="Passed" start-time="2021-04-07 09:59:41Z" end-time="2021-04-07 09:59:41Z" duration="0.000368" asserts="4" />
              <test-case id="1018" name="Ball_BoundingBox_IsCorrect(-6,-2,4,0)" fullname="Inheritance.Geometry.Virtual.VirtualTask_Should.Ball_BoundingBox_IsCorrect(-6,-2,4,0)" methodname="Ball_BoundingBox_IsCorrect" classname="Inheritance.Geometry.Virtual.VirtualTask_Should" runstate="Runnable" seed="1259958882" result="Passed" start-time="2021-04-07 09:59:41Z" end-time="2021-04-07 09:59:41Z" duration="0.000213" asserts="4" />
              <test-case id="1019" name="Ball_BoundingBox_IsCorrect(-6,-2,-4,0)" fullname="Inheritance.Geometry.Virtual.VirtualTask_Should.Ball_BoundingBox_IsCorrect(-6,-2,-4,0)" methodname="Ball_BoundingBox_IsCorrect" classname="Inheritance.Geometry.Virtual.VirtualTask_Should" runstate="Runnable" seed="454742039" result="Passed" start-time="2021-04-07 09:59:41Z" end-time="2021-04-07 09:59:41Z" duration="0.000323" asserts="4" />
              <test-case id="1020" name="Ball_BoundingBox_IsCorrect(6,2,-4,0)" fullname="Inheritance.Geometry.Virtual.VirtualTask_Should.Ball_BoundingBox_IsCorrect(6,2,-4,0)" methodname="Ball_BoundingBox_IsCorrect" classname="Inheritance.Geometry.Virtual.VirtualTask_Should" runstate="Runnable" seed="1916278565" result="Passed" start-time="2021-04-07 09:59:41Z" end-time="2021-04-07 09:59:41Z" duration="0.000314" asserts="4" />
              <test-case id="1021" name="Ball_BoundingBox_IsCorrect(6,-2,-4,0)" fullname="Inheritance.Geometry.Virtual.VirtualTask_Should.Ball_BoundingBox_IsCorrect(6,-2,-4,0)" methodname="Ball_BoundingBox_IsCorrect" classname="Inheritance.Geometry.Virtual.VirtualTask_Should" runstate="Runnable" seed="2083503241" result="Passed" start-time="2021-04-07 09:59:41Z" end-time="2021-04-07 09:59:41Z" duration="0.000280" asserts="4" />
              <test-case id="1022" name="Ball_BoundingBox_IsCorrect(6,2,4,2)" fullname="Inheritance.Geometry.Virtual.VirtualTask_Should.Ball_BoundingBox_IsCorrect(6,2,4,2)" methodname="Ball_BoundingBox_IsCorrect" classname="Inheritance.Geometry.Virtual.VirtualTask_Should" runstate="Runnable" seed="766460156" result="Passed" start-time="2021-04-07 09:59:41Z" end-time="2021-04-07 09:59:41Z" duration="0.000160" asserts="4" />
              <test-case id="1023" name="Ball_BoundingBox_IsCorrect(-6,2,4,4)" fullname="Inheritance.Geometry.Virtual.VirtualTask_Should.Ball_BoundingBox_IsCorrect(-6,2,4,4)" methodname="Ball_BoundingBox_IsCorrect" classname="Inheritance.Geometry.Virtual.VirtualTask_Should" runstate="Runnable" seed="1933390033" result="Passed" start-time="2021-04-07 09:59:41Z" end-time="2021-04-07 09:59:41Z" duration="0.000207" asserts="4" />
              <test-case id="1024" name="Ball_BoundingBox_IsCorrect(-6,-2,4,9)" fullname="Inheritance.Geometry.Virtual.VirtualTask_Should.Ball_BoundingBox_IsCorrect(-6,-2,4,9)" methodname="Ball_BoundingBox_IsCorrect" classname="Inheritance.Geometry.Virtual.VirtualTask_Should" runstate="Runnable" seed="1649875394" result="Passed" start-time="2021-04-07 09:59:41Z" end-time="2021-04-07 09:59:41Z" duration="0.000294" asserts="4" />
              <test-case id="1025" name="Ball_BoundingBox_IsCorrect(-6,-2,-4,8)" fullname="Inheritance.Geometry.Virtual.VirtualTask_Should.Ball_BoundingBox_IsCorrect(-6,-2,-4,8)" methodname="Ball_BoundingBox_IsCorrect" classname="Inheritance.Geometry.Virtual.VirtualTask_Should" runstate="Runnable" seed="200086367" result="Passed" start-time="2021-04-07 09:59:42Z" end-time="2021-04-07 09:59:42Z" duration="0.000176" asserts="4" />
              <test-case id="1026" name="Ball_BoundingBox_IsCorrect(6,2,-4,7)" fullname="Inheritance.Geometry.Virtual.VirtualTask_Should.Ball_BoundingBox_IsCorrect(6,2,-4,7)" methodname="Ball_BoundingBox_IsCorrect" classname="Inheritance.Geometry.Virtual.VirtualTask_Should" runstate="Runnable" seed="1283320452" result="Passed" start-time="2021-04-07 09:59:42Z" end-time="2021-04-07 09:59:42Z" duration="0.000324" asserts="4" />
              <test-case id="1027" name="Ball_BoundingBox_IsCorrect(6,-2,-4,1)" fullname="Inheritance.Geometry.Virtual.VirtualTask_Should.Ball_BoundingBox_IsCorrect(6,-2,-4,1)" methodname="Ball_BoundingBox_IsCorrect" classname="Inheritance.Geometry.Virtual.VirtualTask_Should" runstate="Runnable" seed="14485857" result="Passed" start-time="2021-04-07 09:59:42Z" end-time="2021-04-07 09:59:42Z" duration="0.000255" asserts="4" />
            </test-suite>
            <test-suite type="ParameterizedMethod" id="1014" name="Ball_ContainsPoint_IsCorrect" fullname="Inheritance.Geometry.Virtual.VirtualTask_Should.Ball_ContainsPoint_IsCorrect" classname="Inheritance.Geometry.Virtual.VirtualTask_Should" runstate="Runnable" testcasecount="13" result="Passed" start-time="2021-04-07 09:59:42Z" end-time="2021-04-07 09:59:42Z" duration="0.430545" total="13" passed="13" failed="0" warnings="0" inconclusive="0" skipped="0" asserts="195">
              <test-case id="1001" name="Ball_ContainsPoint_IsCorrect(0,0,0,1)" fullname="Inheritance.Geometry.Virtual.VirtualTask_Should.Ball_ContainsPoint_IsCorrect(0,0,0,1)" methodname="Ball_ContainsPoint_IsCorrect" classname="Inheritance.Geometry.Virtual.VirtualTask_Should" runstate="Runnable" seed="1150416564" result="Passed" start-time="2021-04-07 09:59:42Z" end-time="2021-04-07 09:59:42Z" duration="0.004345" asserts="15" />
              <test-case id="1002" name="Ball_ContainsPoint_IsCorrect(6,2,4,0)" fullname="Inheritance.Geometry.Virtual.VirtualTask_Should.Ball_ContainsPoint_IsCorrect(6,2,4,0)" methodname="Ball_ContainsPoint_IsCorrect" classname="Inheritance.Geometry.Virtual.VirtualTask_Should" runstate="Runnable" seed="765807811" result="Passed" start-time="2021-04-07 09:59:42Z" end-time="2021-04-07 09:59:42Z" duration="0.000214" asserts="15" />
              <test-case id="1003" name="Ball_ContainsPoint_IsCorrect(-6,2,4,0)" fullname="Inheritance.Geometry.Virtual.VirtualTask_Should.Ball_ContainsPoint_IsCorrect(-6,2,4,0)" methodname="Ball_ContainsPoint_IsCorrect" classname="Inheritance.Geometry.Virtual.VirtualTask_Should" runstate="Runnable" seed="873291217" result="Passed" start-time="2021-04-07 09:59:42Z" end-time="2021-04-07 09:59:42Z" duration="0.000343" asserts="15" />
              <test-case id="1004" name="Ball_ContainsPoint_IsCorrect(-6,-2,4,0)" fullname="Inheritance.Geometry.Virtual.VirtualTask_Should.Ball_ContainsPoint_IsCorrect(-6,-2,4,0)" methodname="Ball_ContainsPoint_IsCorrect" classname="Inheritance.Geometry.Virtual.VirtualTask_Should" runstate="Runnable" seed="1520567048" result="Passed" start-time="2021-04-07 09:59:42Z" end-time="2021-04-07 09:59:42Z" duration="0.000305" asserts="15" />
              <test-case id="1005" name="Ball_ContainsPoint_IsCorrect(-6,-2,-4,0)" fullname="Inheritance.Geometry.Virtual.VirtualTask_Should.Ball_ContainsPoint_IsCorrect(-6,-2,-4,0)" methodname="Ball_ContainsPoint_IsCorrect" classname="Inheritance.Geometry.Virtual.VirtualTask_Should" runstate="Runnable" seed="82567757" result="Passed" start-time="2021-04-07 09:59:42Z" end-time="2021-04-07 09:59:42Z" duration="0.000269" asserts="15" />
              <test-case id="1006" name="Ball_ContainsPoint_IsCorrect(6,2,-4,0)" fullname="Inheritance.Geometry.Virtual.VirtualTask_Should.Ball_ContainsPoint_IsCorrect(6,2,-4,0)" methodname="Ball_ContainsPoint_IsCorrect" classname="Inheritance.Geometry.Virtual.VirtualTask_Should" runstate="Runnable" seed="643955961" result="Passed" start-time="2021-04-07 09:59:42Z" end-time="2021-04-07 09:59:42Z" duration="0.000291" asserts="15" />
              <test-case id="1007" name="Ball_ContainsPoint_IsCorrect(6,-2,-4,0)" fullname="Inheritance.Geometry.Virtual.VirtualTask_Should.Ball_ContainsPoint_IsCorrect(6,-2,-4,0)" methodname="Ball_ContainsPoint_IsCorrect" classname="Inheritance.Geometry.Virtual.VirtualTask_Should" runstate="Runnable" seed="365462087" result="Passed" start-time="2021-04-07 09:59:42Z" end-time="2021-04-07 09:59:42Z" duration="0.000280" asserts="15" />
              <test-case id="1008" name="Ball_ContainsPoint_IsCorrect(6,2,4,2)" fullname="Inheritance.Geometry.Virtual.VirtualTask_Should.Ball_ContainsPoint_IsCorrect(6,2,4,2)" methodname="Ball_ContainsPoint_IsCorrect" classname="Inheritance.Geometry.Virtual.VirtualTask_Should" runstate="Runnable" seed="1144174589" result="Passed" start-time="2021-04-07 09:59:42Z" end-time="2021-04-07 09:59:42Z" duration="0.000353" asserts="15" />
              <test-case id="1009" name="Ball_ContainsPoint_IsCorrect(-6,2,4,4)" fullname="Inheritance.Geometry.Virtual.VirtualTask_Should.Ball_ContainsPoint_IsCorrect(-6,2,4,4)" methodname="Ball_ContainsPoint_IsCorrect" classname="Inheritance.Geometry.Virtual.VirtualTask_Should" runstate="Runnable" seed="389205498" result="Passed" start-time="2021-04-07 09:59:42Z" end-time="2021-04-07 09:59:42Z" duration="0.000354" asserts="15" />
              <test-case id="1010" name="Ball_ContainsPoint_IsCorrect(-6,-2,4,9)" fullname="Inheritance.Geometry.Virtual.VirtualTask_Should.Ball_ContainsPoint_IsCorrect(-6,-2,4,9)" methodname="Ball_ContainsPoint_IsCorrect" classname="Inheritance.Geometry.Virtual.VirtualTask_Should" runstate="Runnable" seed="589973674" result="Passed" start-time="2021-04-07 09:59:42Z" end-time="2021-04-07 09:59:42Z" duration="0.000573" asserts="15" />
              <test-case id="1011" name="Ball_ContainsPoint_IsCorrect(-6,-2,-4,8)" fullname="Inheritance.Geometry.Virtual.VirtualTask_Should.Ball_ContainsPoint_IsCorrect(-6,-2,-4,8)" methodname="Ball_ContainsPoint_IsCorrect" classname="Inheritance.Geometry.Virtual.VirtualTask_Should" runstate="Runnable" seed="72042581" result="Passed" start-time="2021-04-07 09:59:42Z" end-time="2021-04-07 09:59:42Z" duration="0.000208" asserts="15" />
              <test-case id="1012" name="Ball_ContainsPoint_IsCorrect(6,2,-4,7)" fullname="Inheritance.Geometry.Virtual.VirtualTask_Should.Ball_ContainsPoint_IsCorrect(6,2,-4,7)" methodname="Ball_ContainsPoint_IsCorrect" classname="Inheritance.Geometry.Virtual.VirtualTask_Should" runstate="Runnable" seed="1806822219" result="Passed" start-time="2021-04-07 09:59:42Z" end-time="2021-04-07 09:59:42Z" duration="0.000259" asserts="15" />
              <test-case id="1013" name="Ball_ContainsPoint_IsCorrect(6,-2,-4,1)" fullname="Inheritance.Geometry.Virtual.VirtualTask_Should.Ball_ContainsPoint_IsCorrect(6,-2,-4,1)" methodname="Ball_ContainsPoint_IsCorrect" classname="Inheritance.Geometry.Virtual.VirtualTask_Should" runstate="Runnable" seed="2003986090" result="Passed" start-time="2021-04-07 09:59:42Z" end-time="2021-04-07 09:59:42Z" duration="0.000144" asserts="15" />
            </test-suite>
            <test-suite type="ParameterizedMethod" id="1109" name="CompoundBody_BoundingBox_IsCorrect" fullname="Inheritance.Geometry.Virtual.VirtualTask_Should.CompoundBody_BoundingBox_IsCorrect" classname="Inheritance.Geometry.Virtual.VirtualTask_Should" runstate="Runnable" testcasecount="9" result="Passed" start-time="2021-04-07 09:59:42Z" end-time="2021-04-07 09:59:42Z" duration="0.300703" total="9" passed="9" failed="0" warnings="0" inconclusive="0" skipped="0" asserts="108">
              <test-case id="1100" name="CompoundBody_BoundingBox_IsCorrect(0,0,0,1)" fullname="Inheritance.Geometry.Virtual.VirtualTask_Should.CompoundBody_BoundingBox_IsCorrect(0,0,0,1)" methodname="CompoundBody_BoundingBox_IsCorrect" classname="Inheritance.Geometry.Virtual.VirtualTask_Should" runstate="Runnable" seed="1542517018" result="Passed" start-time="2021-04-07 09:59:42Z" end-time="2021-04-07 09:59:42Z" duration="0.005681" asserts="12" />
              <test-case id="1101" name="CompoundBody_BoundingBox_IsCorrect(0,0,0,6)" fullname="Inheritance.Geometry.Virtual.VirtualTask_Should.CompoundBody_BoundingBox_IsCorrect(0,0,0,6)" methodname="CompoundBody_BoundingBox_IsCorrect" classname="Inheritance.Geometry.Virtual.VirtualTask_Should" runstate="Runnable" seed="11047414" result="Passed" start-time="2021-04-07 09:59:42Z" end-time="2021-04-07 09:59:42Z" duration="0.000250" asserts="12" />
              <test-case id="1102" name="CompoundBody_BoundingBox_IsCorrect(0,0,0,7)" fullname="Inheritance.Geometry.Virtual.VirtualTask_Should.CompoundBody_BoundingBox_IsCorrect(0,0,0,7)" methodname="CompoundBody_BoundingBox_IsCorrect" classname="Inheritance.Geometry.Virtual.VirtualTask_Should" runstate="Runnable" seed="1272402544" result="Passed" start-time="2021-04-07 09:59:42Z" end-time="2021-04-07 09:59:42Z" duration="0.000147" asserts="12" />
              <test-case id="1103" name="CompoundBody_BoundingBox_IsCorrect(1,1,1,7)" fullname="Inheritance.Geometry.Virtual.VirtualTask_Should.CompoundBody_BoundingBox_IsCorrect(1,1,1,7)" methodname="CompoundBody_BoundingBox_IsCorrect" classname="Inheritance.Geometry.Virtual.VirtualTask_Should" runstate="Runnable" seed="1337603363" result="Passed" start-time="2021-04-07 09:59:42Z" end-time="2021-04-07 09:59:42Z" duration="0.000193" asserts="12" />
              <test-case id="1104" name="CompoundBody_BoundingBox_IsCorrect(2,3,6,5)" fullname="Inheritance.Geometry.Virtual.VirtualTask_Should.CompoundBody_BoundingBox_IsCorrect(2,3,6,5)" methodname="CompoundBody_BoundingBox_IsCorrect" classname="Inheritance.Geometry.Virtual.VirtualTask_Should" runstate="Runnable" seed="340543456" result="Passed" start-time="2021-04-07 09:59:42Z" end-time="2021-04-07 09:59:42Z" duration="0.000268" asserts="12" />
              <test-case id="1105" name="CompoundBody_BoundingBox_IsCorrect(-2,-3,6,3)" fullname="Inheritance.Geometry.Virtual.VirtualTask_Should.CompoundBody_BoundingBox_IsCorrect(-2,-3,6,3)" methodname="CompoundBody_BoundingBox_IsCorrect" classname="Inheritance.Geometry.Virtual.VirtualTask_Should" runstate="Runnable" seed="110549838" result="Passed" start-time="2021-04-07 09:59:42Z" end-time="2021-04-07 09:59:42Z" duration="0.000222" asserts="12" />
              <test-case id="1106" name="CompoundBody_BoundingBox_IsCorrect(-12,-23,-46,13)" fullname="Inheritance.Geometry.Virtual.VirtualTask_Should.CompoundBody_BoundingBox_IsCorrect(-12,-23,-46,13)" methodname="CompoundBody_BoundingBox_IsCorrect" classname="Inheritance.Geometry.Virtual.VirtualTask_Should" runstate="Runnable" seed="1196695302" result="Passed" start-time="2021-04-07 09:59:42Z" end-time="2021-04-07 09:59:42Z" duration="0.000188" asserts="12" />
              <test-case id="1107" name="CompoundBody_BoundingBox_IsCorrect(12,-23,6,14)" fullname="Inheritance.Geometry.Virtual.VirtualTask_Should.CompoundBody_BoundingBox_IsCorrect(12,-23,6,14)" methodname="CompoundBody_BoundingBox_IsCorrect" classname="Inheritance.Geometry.Virtual.VirtualTask_Should" runstate="Runnable" seed="1029182332" result="Passed" start-time="2021-04-07 09:59:42Z" end-time="2021-04-07 09:59:42Z" duration="0.000140" asserts="12" />
              <test-case id="1108" name="CompoundBody_BoundingBox_IsCorrect(8,5,-16,12)" fullname="Inheritance.Geometry.Virtual.VirtualTask_Should.CompoundBody_BoundingBox_IsCorrect(8,5,-16,12)" methodname="CompoundBody_BoundingBox_IsCorrect" classname="Inheritance.Geometry.Virtual.VirtualTask_Should" runstate="Runnable" seed="1759367715" result="Passed" start-time="2021-04-07 09:59:42Z" end-time="2021-04-07 09:59:42Z" duration="0.000291" asserts="12" />
            </test-suite>
            <test-suite type="ParameterizedMethod" id="1094" name="CompoundBody_ContainsPoint_IsCorrect" fullname="Inheritance.Geometry.Virtual.VirtualTask_Should.CompoundBody_ContainsPoint_IsCorrect" classname="Inheritance.Geometry.Virtual.VirtualTask_Should" runstate="Runnable" testcasecount="9" result="Passed" start-time="2021-04-07 09:59:42Z" end-time="2021-04-07 09:59:43Z" duration="0.299341" total="9" passed="9" failed="0" warnings="0" inconclusive="0" skipped="0" asserts="432">
              <test-case id="1085" name="CompoundBody_ContainsPoint_IsCorrect(0,0,0,1)" fullname="Inheritance.Geometry.Virtual.VirtualTask_Should.CompoundBody_ContainsPoint_IsCorrect(0,0,0,1)" methodname="CompoundBody_ContainsPoint_IsCorrect" classname="Inheritance.Geometry.Virtual.VirtualTask_Should" runstate="Runnable" seed="935163907" result="Passed" start-time="2021-04-07 09:59:42Z" end-time="2021-04-07 09:59:42Z" duration="0.002367" asserts="48" />
              <test-case id="1086" name="CompoundBody_ContainsPoint_IsCorrect(0,0,0,6)" fullname="Inheritance.Geometry.Virtual.VirtualTask_Should.CompoundBody_ContainsPoint_IsCorrect(0,0,0,6)" methodname="CompoundBody_ContainsPoint_IsCorrect" classname="Inheritance.Geometry.Virtual.VirtualTask_Should" runstate="Runnable" seed="1624938865" result="Passed" start-time="2021-04-07 09:59:42Z" end-time="2021-04-07 09:59:42Z" duration="0.000181" asserts="48" />
              <test-case id="1087" name="CompoundBody_ContainsPoint_IsCorrect(0,0,0,7)" fullname="Inheritance.Geometry.Virtual.VirtualTask_Should.CompoundBody_ContainsPoint_IsCorrect(0,0,0,7)" methodname="CompoundBody_ContainsPoint_IsCorrect" classname="Inheritance.Geometry.Virtual.VirtualTask_Should" runstate="Runnable" seed="179976335" result="Passed" start-time="2021-04-07 09:59:43Z" end-time="2021-04-07 09:59:43Z" duration="0.000299" asserts="48" />
              <test-case id="1088" name="CompoundBody_ContainsPoint_IsCorrect(1,1,1,7)" fullname="Inheritance.Geometry.Virtual.VirtualTask_Should.CompoundBody_ContainsPoint_IsCorrect(1,1,1,7)" methodname="CompoundBody_ContainsPoint_IsCorrect" classname="Inheritance.Geometry.Virtual.VirtualTask_Should" runstate="Runnable" seed="1537031486" result="Passed" start-time="2021-04-07 09:59:43Z" end-time="2021-04-07 09:59:43Z" duration="0.000214" asserts="48" />
              <test-case id="1089" name="CompoundBody_ContainsPoint_IsCorrect(2,3,6,5)" fullname="Inheritance.Geometry.Virtual.VirtualTask_Should.CompoundBody_ContainsPoint_IsCorrect(2,3,6,5)" methodname="CompoundBody_ContainsPoint_IsCorrect" classname="Inheritance.Geometry.Virtual.VirtualTask_Should" runstate="Runnable" seed="1004863315" result="Passed" start-time="2021-04-07 09:59:43Z" end-time="2021-04-07 09:59:43Z" duration="0.000216" asserts="48" />
              <test-case id="1090" name="CompoundBody_ContainsPoint_IsCorrect(-2,-3,6,3)" fullname="Inheritance.Geometry.Virtual.VirtualTask_Should.CompoundBody_ContainsPoint_IsCorrect(-2,-3,6,3)" methodname="CompoundBody_ContainsPoint_IsCorrect" classname="Inheritance.Geometry.Virtual.VirtualTask_Should" runstate="Runnable" seed="795814258" result="Passed" start-time="2021-04-07 09:59:43Z" end-time="2021-04-07 09:59:43Z" duration="0.000234" asserts="48" />
              <test-case id="1091" name="CompoundBody_ContainsPoint_IsCorrect(-12,-23,-46,13)" fullname="Inheritance.Geometry.Virtual.VirtualTask_Should.CompoundBody_ContainsPoint_IsCorrect(-12,-23,-46,13)" methodname="CompoundBody_ContainsPoint_IsCorrect" classname="Inheritance.Geometry.Virtual.VirtualTask_Should" runstate="Runnable" seed="1307302300" result="Passed" start-time="2021-04-07 09:59:43Z" end-time="2021-04-07 09:59:43Z" duration="0.000276" asserts="48" />
              <test-case id="1092" name="CompoundBody_ContainsPoint_IsCorrect(12,-23,6,14)" fullname="Inheritance.Geometry.Virtual.VirtualTask_Should.CompoundBody_ContainsPoint_IsCorrect(12,-23,6,14)" methodname="CompoundBody_ContainsPoint_IsCorrect" classname="Inheritance.Geometry.Virtual.VirtualTask_Should" runstate="Runnable" seed="1023508474" result="Passed" start-time="2021-04-07 09:59:43Z" end-time="2021-04-07 09:59:43Z" duration="0.000347" asserts="48" />
              <test-case id="1093" name="CompoundBody_ContainsPoint_IsCorrect(8,5,-16,12)" fullname="Inheritance.Geometry.Virtual.VirtualTask_Should.CompoundBody_ContainsPoint_IsCorrect(8,5,-16,12)" methodname="CompoundBody_ContainsPoint_IsCorrect" classname="Inheritance.Geometry.Virtual.VirtualTask_Should" runstate="Runnable" seed="894334853" result="Passed" start-time="2021-04-07 09:59:43Z" end-time="2021-04-07 09:59:43Z" duration="0.000345" asserts="48" />
            </test-suite>
            <test-suite type="ParameterizedMethod" id="1099" name="CompoundBody_Of_TwoCuboids_BoundingBox_Correct" fullname="Inheritance.Geometry.Virtual.VirtualTask_Should.CompoundBody_Of_TwoCuboids_BoundingBox_Correct" classname="Inheritance.Geometry.Virtual.VirtualTask_Should" runstate="Runnable" testcasecount="3" result="Passed" start-time="2021-04-07 09:59:43Z" end-time="2021-04-07 09:59:43Z" duration="0.100292" total="3" passed="3" failed="0" warnings="0" inconclusive="0" skipped="0" asserts="9">
              <test-case id="1096" name="CompoundBody_Of_TwoCuboids_BoundingBox_Correct(1,2,3,2,1,3,5,5,4)" fullname="Inheritance.Geometry.Virtual.VirtualTask_Should.CompoundBody_Of_TwoCuboids_BoundingBox_Correct(1,2,3,2,1,3,5,5,4)" methodname="CompoundBody_Of_TwoCuboids_BoundingBox_Correct" classname="Inheritance.Geometry.Virtual.VirtualTask_Should" runstate="Runnable" seed="1669107818" result="Passed" start-time="2021-04-07 09:59:43Z" end-time="2021-04-07 09:59:43Z" duration="0.000940" asserts="3" />
              <test-case id="1097" name="CompoundBody_Of_TwoCuboids_BoundingBox_Correct(1,1,1,2,2,2,5,5,5)" fullname="Inheritance.Geometry.Virtual.VirtualTask_Should.CompoundBody_Of_TwoCuboids_BoundingBox_Correct(1,1,1,2,2,2,5,5,5)" methodname="CompoundBody_Of_TwoCuboids_BoundingBox_Correct" classname="Inheritance.Geometry.Virtual.VirtualTask_Should" runstate="Runnable" seed="528873730" result="Passed" start-time="2021-04-07 09:59:43Z" end-time="2021-04-07 09:59:43Z" duration="0.000239" asserts="3" />
              <test-case id="1098" name="CompoundBody_Of_TwoCuboids_BoundingBox_Correct(2,1,1,1,2,2,5,5,5)" fullname="Inheritance.Geometry.Virtual.VirtualTask_Should.CompoundBody_Of_TwoCuboids_BoundingBox_Correct(2,1,1,1,2,2,5,5,5)" methodname="CompoundBody_Of_TwoCuboids_BoundingBox_Correct" classname="Inheritance.Geometry.Virtual.VirtualTask_Should" runstate="Runnable" seed="1074274358" result="Passed" start-time="2021-04-07 09:59:43Z" end-time="2021-04-07 09:59:43Z" duration="0.000107" asserts="3" />
            </test-suite>
            <test-case id="1095" name="CompoundBody_WithBall_ContainsPoint_IsCorrect" fullname="Inheritance.Geometry.Virtual.VirtualTask_Should.CompoundBody_WithBall_ContainsPoint_IsCorrect" methodname="CompoundBody_WithBall_ContainsPoint_IsCorrect" classname="Inheritance.Geometry.Virtual.VirtualTask_Should" runstate="Runnable" seed="1704500247" result="Passed" start-time="2021-04-07 09:59:43Z" end-time="2021-04-07 09:59:43Z" duration="0.027469" asserts="8000" />
            <test-suite type="ParameterizedMethod" id="1084" name="Cylinder_BoundingBox_IsCorrect" fullname="Inheritance.Geometry.Virtual.VirtualTask_Should.Cylinder_BoundingBox_IsCorrect" classname="Inheritance.Geometry.Virtual.VirtualTask_Should" runstate="Runnable" testcasecount="13" result="Passed" start-time="2021-04-07 09:59:43Z" end-time="2021-04-07 09:59:43Z" duration="0.432761" total="13" passed="13" failed="0" warnings="0" inconclusive="0" skipped="0" asserts="52">
              <test-case id="1071" name="Cylinder_BoundingBox_IsCorrect(0,0,0,1,2)" fullname="Inheritance.Geometry.Virtual.VirtualTask_Should.Cylinder_BoundingBox_IsCorrect(0,0,0,1,2)" methodname="Cylinder_BoundingBox_IsCorrect" classname="Inheritance.Geometry.Virtual.VirtualTask_Should" runstate="Runnable" seed="1205878233" result="Passed" start-time="2021-04-07 09:59:43Z" end-time="2021-04-07 09:59:43Z" duration="0.000505" asserts="4" />
              <test-case id="1072" name="Cylinder_BoundingBox_IsCorrect(6,2,4,5,4)" fullname="Inheritance.Geometry.Virtual.VirtualTask_Should.Cylinder_BoundingBox_IsCorrect(6,2,4,5,4)" methodname="Cylinder_BoundingBox_IsCorrect" classname="Inheritance.Geometry.Virtual.VirtualTask_Should" runstate="Runnable" seed="1829128046" result="Passed" start-time="2021-04-07 09:59:43Z" end-time="2021-04-07 09:59:43Z" duration="0.000304" asserts="4" />
              <test-case id="1073" name="Cylinder_BoundingBox_IsCorrect(-6,2,4,5,5)" fullname="Inheritance.Geometry.Virtual.VirtualTask_Should.Cylinder_BoundingBox_IsCorrect(-6,2,4,5,5)" methodname="Cylinder_BoundingBox_IsCorrect" classname="Inheritance.Geometry.Virtual.VirtualTask_Should" runstate="Runnable" seed="1840190255" result="Passed" start-time="2021-04-07 09:59:43Z" end-time="2021-04-07 09:59:43Z" duration="0.000151" asserts="4" />
              <test-case id="1074" name="Cylinder_BoundingBox_IsCorrect(-6,-2,4)" fullname="Inheritance.Geometry.Virtual.VirtualTask_Should.Cylinder_BoundingBox_IsCorrect(-6,-2,4)" methodname="Cylinder_BoundingBox_IsCorrect" classname="Inheritance.Geometry.Virtual.VirtualTask_Should" runstate="Runnable" seed="1827850881" result="Passed" start-time="2021-04-07 09:59:43Z" end-time="2021-04-07 09:59:43Z" duration="0.000146" asserts="4" />
              <test-case id="1075" name="Cylinder_BoundingBox_IsCorrect(-6,-2,-4)" fullname="Inheritance.Geometry.Virtual.VirtualTask_Should.Cylinder_BoundingBox_IsCorrect(-6,-2,-4)" methodname="Cylinder_BoundingBox_IsCorrect" classname="Inheritance.Geometry.Virtual.VirtualTask_Should" runstate="Runnable" seed="26752597" result="Passed" start-time="2021-04-07 09:59:43Z" end-time="2021-04-07 09:59:43Z" duration="0.000179" asserts="4" />
              <test-case id="1076" name="Cylinder_BoundingBox_IsCorrect(6,2,-4)" fullname="Inheritance.Geometry.Virtual.VirtualTask_Should.Cylinder_BoundingBox_IsCorrect(6,2,-4)" methodname="Cylinder_BoundingBox_IsCorrect" classname="Inheritance.Geometry.Virtual.VirtualTask_Should" runstate="Runnable" seed="1450756231" result="Passed" start-time="2021-04-07 09:59:43Z" end-time="2021-04-07 09:59:43Z" duration="0.000149" asserts="4" />
              <test-case id="1077" name="Cylinder_BoundingBox_IsCorrect(6,-2,-4)" fullname="Inheritance.Geometry.Virtual.VirtualTask_Should.Cylinder_BoundingBox_IsCorrect(6,-2,-4)" methodname="Cylinder_BoundingBox_IsCorrect" classname="Inheritance.Geometry.Virtual.VirtualTask_Should" runstate="Runnable" seed="1743779785" result="Passed" start-time="2021-04-07 09:59:43Z" end-time="2021-04-07 09:59:43Z" duration="0.000218" asserts="4" />
              <test-case id="1078" name="Cylinder_BoundingBox_IsCorrect(6,2,4)" fullname="Inheritance.Geometry.Virtual.VirtualTask_Should.Cylinder_BoundingBox_IsCorrect(6,2,4)" methodname="Cylinder_BoundingBox_IsCorrect" classname="Inheritance.Geometry.Virtual.VirtualTask_Should" runstate="Runnable" seed="1920385571" result="Passed" start-time="2021-04-07 09:59:43Z" end-time="2021-04-07 09:59:43Z" duration="0.000141" asserts="4" />
              <test-case id="1079" name="Cylinder_BoundingBox_IsCorrect(-6,2,4)" fullname="Inheritance.Geometry.Virtual.VirtualTask_Should.Cylinder_BoundingBox_IsCorrect(-6,2,4)" methodname="Cylinder_BoundingBox_IsCorrect" classname="Inheritance.Geometry.Virtual.VirtualTask_Should" runstate="Runnable" seed="1607740591" result="Passed" start-time="2021-04-07 09:59:43Z" end-time="2021-04-07 09:59:43Z" duration="0.000280" asserts="4" />
              <test-case id="1080" name="Cylinder_BoundingBox_IsCorrect(-6,-2,4)" fullname="Inheritance.Geometry.Virtual.VirtualTask_Should.Cylinder_BoundingBox_IsCorrect(-6,-2,4)" methodname="Cylinder_BoundingBox_IsCorrect" classname="Inheritance.Geometry.Virtual.VirtualTask_Should" runstate="Runnable" seed="667357276" result="Passed" start-time="2021-04-07 09:59:43Z" end-time="2021-04-07 09:59:43Z" duration="0.000277" asserts="4" />
              <test-case id="1081" name="Cylinder_BoundingBox_IsCorrect(-6,-2,-4)" fullname="Inheritance.Geometry.Virtual.VirtualTask_Should.Cylinder_BoundingBox_IsCorrect(-6,-2,-4)" methodname="Cylinder_BoundingBox_IsCorrect" classname="Inheritance.Geometry.Virtual.VirtualTask_Should" runstate="Runnable" seed="2146755720" result="Passed" start-time="2021-04-07 09:59:43Z" end-time="2021-04-07 09:59:43Z" duration="0.000360" asserts="4" />
              <test-case id="1082" name="Cylinder_BoundingBox_IsCorrect(6,2,-4)" fullname="Inheritance.Geometry.Virtual.VirtualTask_Should.Cylinder_BoundingBox_IsCorrect(6,2,-4)" methodname="Cylinder_BoundingBox_IsCorrect" classname="Inheritance.Geometry.Virtual.VirtualTask_Should" runstate="Runnable" seed="473416726" result="Passed" start-time="2021-04-07 09:59:43Z" end-time="2021-04-07 09:59:43Z" duration="0.000314" asserts="4" />
              <test-case id="1083" name="Cylinder_BoundingBox_IsCorrect(6,-2,-4)" fullname="Inheritance.Geometry.Virtual.VirtualTask_Should.Cylinder_BoundingBox_IsCorrect(6,-2,-4)" methodname="Cylinder_BoundingBox_IsCorrect" classname="Inheritance.Geometry.Virtual.VirtualTask_Should" runstate="Runnable" seed="286932392" result="Passed" start-time="2021-04-07 09:59:43Z" end-time="2021-04-07 09:59:43Z" duration="0.000274" asserts="4" />
            </test-suite>
            <test-suite type="ParameterizedMethod" id="1070" name="Cylinder_ContainsPoint_IsCorrect" fullname="Inheritance.Geometry.Virtual.VirtualTask_Should.Cylinder_ContainsPoint_IsCorrect" classname="Inheritance.Geometry.Virtual.VirtualTask_Should" runstate="Runnable" testcasecount="13" result="Passed" start-time="2021-04-07 09:59:43Z" end-time="2021-04-07 09:59:44Z" duration="0.432937" total="13" passed="13" failed="0" warnings="0" inconclusive="0" skipped="0" asserts="182">
              <test-case id="1057" name="Cylinder_ContainsPoint_IsCorrect(0,0,0,2,8)" fullname="Inheritance.Geometry.Virtual.VirtualTask_Should.Cylinder_ContainsPoint_IsCorrect(0,0,0,2,8)" methodname="Cylinder_ContainsPoint_IsCorrect" classname="Inheritance.Geometry.Virtual.VirtualTask_Should" runstate="Runnable" seed="392013324" result="Passed" start-time="2021-04-07 09:59:43Z" end-time="2021-04-07 09:59:43Z" duration="0.000832" asserts="14" />
              <test-case id="1058" name="Cylinder_ContainsPoint_IsCorrect(6,2,4,6,4)" fullname="Inheritance.Geometry.Virtual.VirtualTask_Should.Cylinder_ContainsPoint_IsCorrect(6,2,4,6,4)" methodname="Cylinder_ContainsPoint_IsCorrect" classname="Inheritance.Geometry.Virtual.VirtualTask_Should" runstate="Runnable" seed="783011369" result="Passed" start-time="2021-04-07 09:59:43Z" end-time="2021-04-07 09:59:43Z" duration="0.000215" asserts="14" />
              <test-case id="1059" name="Cylinder_ContainsPoint_IsCorrect(-6,2,4,6,4)" fullname="Inheritance.Geometry.Virtual.VirtualTask_Should.Cylinder_ContainsPoint_IsCorrect(-6,2,4,6,4)" methodname="Cylinder_ContainsPoint_IsCorrect" classname="Inheritance.Geometry.Virtual.VirtualTask_Should" runstate="Runnable" seed="732592580" result="Passed" start-time="2021-04-07 09:59:44Z" end-time="2021-04-07 09:59:44Z" duration="0.000349" asserts="14" />
              <test-case id="1060" name="Cylinder_ContainsPoint_IsCorrect(-6,-2,4)" fullname="Inheritance.Geometry.Virtual.VirtualTask_Should.Cylinder_ContainsPoint_IsCorrect(-6,-2,4)" methodname="Cylinder_ContainsPoint_IsCorrect" classname="Inheritance.Geometry.Virtual.VirtualTask_Should" runstate="Runnable" seed="358842851" result="Passed" start-time="2021-04-07 09:59:44Z" end-time="2021-04-07 09:59:44Z" duration="0.000229" asserts="14" />
              <test-case id="1061" name="Cylinder_ContainsPoint_IsCorrect(-6,-2,-4)" fullname="Inheritance.Geometry.Virtual.VirtualTask_Should.Cylinder_ContainsPoint_IsCorrect(-6,-2,-4)" methodname="Cylinder_ContainsPoint_IsCorrect" classname="Inheritance.Geometry.Virtual.VirtualTask_Should" runstate="Runnable" seed="41582003" result="Passed" start-time="2021-04-07 09:59:44Z" end-time="2021-04-07 09:59:44Z" duration="0.000224" asserts="14" />
              <test-case id="1062" name="Cylinder_ContainsPoint_IsCorrect(6,2,-4)" fullname="Inheritance.Geometry.Virtual.VirtualTask_Should.Cylinder_ContainsPoint_IsCorrect(6,2,-4)" methodname="Cylinder_ContainsPoint_IsCorrect" classname="Inheritance.Geometry.Virtual.VirtualTask_Should" runstate="Runnable" seed="264768453" result="Passed" start-time="2021-04-07 09:59:44Z" end-time="2021-04-07 09:59:44Z" duration="0.000165" asserts="14" />
              <test-case id="1063" name="Cylinder_ContainsPoint_IsCorrect(6,-2,-4)" fullname="Inheritance.Geometry.Virtual.VirtualTask_Should.Cylinder_ContainsPoint_IsCorrect(6,-2,-4)" methodname="Cylinder_ContainsPoint_IsCorrect" classname="Inheritance.Geometry.Virtual.VirtualTask_Should" runstate="Runnable" seed="2075142691" result="Passed" start-time="2021-04-07 09:59:44Z" end-time="2021-04-07 09:59:44Z" duration="0.000354" asserts="14" />
              <test-case id="1064" name="Cylinder_ContainsPoint_IsCorrect(6,2,4)" fullname="Inheritance.Geometry.Virtual.VirtualTask_Should.Cylinder_ContainsPoint_IsCorrect(6,2,4)" methodname="Cylinder_ContainsPoint_IsCorrect" classname="Inheritance.Geometry.Virtual.VirtualTask_Should" runstate="Runnable" seed="966096820" result="Passed" start-time="2021-04-07 09:59:44Z" end-time="2021-04-07 09:59:44Z" duration="0.000544" asserts="14" />
              <test-case id="1065" name="Cylinder_ContainsPoint_IsCorrect(-6,2,4)" fullname="Inheritance.Geometry.Virtual.VirtualTask_Should.Cylinder_ContainsPoint_IsCorrect(-6,2,4)" methodname="Cylinder_ContainsPoint_IsCorrect" classname="Inheritance.Geometry.Virtual.VirtualTask_Should" runstate="Runnable" seed="1463087736" result="Passed" start-time="2021-04-07 09:59:44Z" end-time="2021-04-07 09:59:44Z" duration="0.000342" asserts="14" />
              <test-case id="1066" name="Cylinder_ContainsPoint_IsCorrect(-6,-2,4)" fullname="Inheritance.Geometry.Virtual.VirtualTask_Should.Cylinder_ContainsPoint_IsCorrect(-6,-2,4)" methodname="Cylinder_ContainsPoint_IsCorrect" classname="Inheritance.Geometry.Virtual.VirtualTask_Should" runstate="Runnable" seed="484968518" result="Passed" start-time="2021-04-07 09:59:44Z" end-time="2021-04-07 09:59:44Z" duration="0.000274" asserts="14" />
              <test-case id="1067" name="Cylinder_ContainsPoint_IsCorrect(-6,-2,-4)" fullname="Inheritance.Geometry.Virtual.VirtualTask_Should.Cylinder_ContainsPoint_IsCorrect(-6,-2,-4)" methodname="Cylinder_ContainsPoint_IsCorrect" classname="Inheritance.Geometry.Virtual.VirtualTask_Should" runstate="Runnable" seed="1577645825" result="Passed" start-time="2021-04-07 09:59:44Z" end-time="2021-04-07 09:59:44Z" duration="0.000513" asserts="14" />
              <test-case id="1068" name="Cylinder_ContainsPoint_IsCorrect(6,2,-4)" fullname="Inheritance.Geometry.Virtual.VirtualTask_Should.Cylinder_ContainsPoint_IsCorrect(6,2,-4)" methodname="Cylinder_ContainsPoint_IsCorrect" classname="Inheritance.Geometry.Virtual.VirtualTask_Should" runstate="Runnable" seed="1050487203" result="Passed" start-time="2021-04-07 09:59:44Z" end-time="2021-04-07 09:59:44Z" duration="0.000351" asserts="14" />
              <test-case id="1069" name="Cylinder_ContainsPoint_IsCorrect(6,-2,-4)" fullname="Inheritance.Geometry.Virtual.VirtualTask_Should.Cylinder_ContainsPoint_IsCorrect(6,-2,-4)" methodname="Cylinder_ContainsPoint_IsCorrect" classname="Inheritance.Geometry.Virtual.VirtualTask_Should" runstate="Runnable" seed="1117743205" result="Passed" start-time="2021-04-07 09:59:44Z" end-time="2021-04-07 09:59:44Z" duration="0.000430" asserts="14" />
            </test-suite>
            <test-suite type="ParameterizedMethod" id="1056" name="RectangularCuboid_BoundingBox_IsCorrect" fullname="Inheritance.Geometry.Virtual.VirtualTask_Should.RectangularCuboid_BoundingBox_IsCorrect" classname="Inheritance.Geometry.Virtual.VirtualTask_Should" runstate="Runnable" testcasecount="13" result="Passed" start-time="2021-04-07 09:59:44Z" end-time="2021-04-07 09:59:44Z" duration="0.439381" total="13" passed="13" failed="0" warnings="0" inconclusive="0" skipped="0" asserts="52">
              <test-case id="1043" name="RectangularCuboid_BoundingBox_IsCorrect(0,0,0,1,2,3)" fullname="Inheritance.Geometry.Virtual.VirtualTask_Should.RectangularCuboid_BoundingBox_IsCorrect(0,0,0,1,2,3)" methodname="RectangularCuboid_BoundingBox_IsCorrect" classname="Inheritance.Geometry.Virtual.VirtualTask_Should" runstate="Runnable" seed="582275917" result="Passed" start-time="2021-04-07 09:59:44Z" end-time="2021-04-07 09:59:44Z" duration="0.000707" asserts="4" />
              <test-case id="1044" name="RectangularCuboid_BoundingBox_IsCorrect(6,2,4,5,4,7)" fullname="Inheritance.Geometry.Virtual.VirtualTask_Should.RectangularCuboid_BoundingBox_IsCorrect(6,2,4,5,4,7)" methodname="RectangularCuboid_BoundingBox_IsCorrect" classname="Inheritance.Geometry.Virtual.VirtualTask_Should" runstate="Runnable" seed="1572600008" result="Passed" start-time="2021-04-07 09:59:44Z" end-time="2021-04-07 09:59:44Z" duration="0.000135" asserts="4" />
              <test-case id="1045" name="RectangularCuboid_BoundingBox_IsCorrect(-6,2,4,5,5,5)" fullname="Inheritance.Geometry.Virtual.VirtualTask_Should.RectangularCuboid_BoundingBox_IsCorrect(-6,2,4,5,5,5)" methodname="RectangularCuboid_BoundingBox_IsCorrect" classname="Inheritance.Geometry.Virtual.VirtualTask_Should" runstate="Runnable" seed="1601730349" result="Passed" start-time="2021-04-07 09:59:44Z" end-time="2021-04-07 09:59:44Z" duration="0.000241" asserts="4" />
              <test-case id="1046" name="RectangularCuboid_BoundingBox_IsCorrect(-6,-2,4,0)" fullname="Inheritance.Geometry.Virtual.VirtualTask_Should.RectangularCuboid_BoundingBox_IsCorrect(-6,-2,4,0)" methodname="RectangularCuboid_BoundingBox_IsCorrect" classname="Inheritance.Geometry.Virtual.VirtualTask_Should" runstate="Runnable" seed="1092324637" result="Passed" start-time="2021-04-07 09:59:44Z" end-time="2021-04-07 09:59:44Z" duration="0.000206" asserts="4" />
              <test-case id="1047" name="RectangularCuboid_BoundingBox_IsCorrect(-6,-2,-4,0)" fullname="Inheritance.Geometry.Virtual.VirtualTask_Should.RectangularCuboid_BoundingBox_IsCorrect(-6,-2,-4,0)" methodname="RectangularCuboid_BoundingBox_IsCorrect" classname="Inheritance.Geometry.Virtual.VirtualTask_Should" runstate="Runnable" seed="696160278" result="Passed" start-time="2021-04-07 09:59:44Z" end-time="2021-04-07 09:59:44Z" duration="0.000215" asserts="4" />
              <test-case id="1048" name="RectangularCuboid_BoundingBox_IsCorrect(6,2,-4,0)" fullname="Inheritance.Geometry.Virtual.VirtualTask_Should.RectangularCuboid_BoundingBox_IsCorrect(6,2,-4,0)" methodname="RectangularCuboid_BoundingBox_IsCorrect" classname="Inheritance.Geometry.Virtual.VirtualTask_Should" runstate="Runnable" seed="1100664677" result="Passed" start-time="2021-04-07 09:59:44Z" end-time="2021-04-07 09:59:44Z" duration="0.000153" asserts="4" />
              <test-case id="1049" name="RectangularCuboid_BoundingBox_IsCorrect(6,-2,-4,0)" fullname="Inheritance.Geometry.Virtual.VirtualTask_Should.RectangularCuboid_BoundingBox_IsCorrect(6,-2,-4,0)" methodname="RectangularCuboid_BoundingBox_IsCorrect" classname="Inheritance.Geometry.Virtual.VirtualTask_Should" runstate="Runnable" seed="785468687" result="Passed" start-time="2021-04-07 09:59:44Z" end-time="2021-04-07 09:59:44Z" duration="0.000301" asserts="4" />
              <test-case id="1050" name="RectangularCuboid_BoundingBox_IsCorrect(6,2,4,2)" fullname="Inheritance.Geometry.Virtual.VirtualTask_Should.RectangularCuboid_BoundingBox_IsCorrect(6,2,4,2)" methodname="RectangularCuboid_BoundingBox_IsCorrect" classname="Inheritance.Geometry.Virtual.VirtualTask_Should" runstate="Runnable" seed="918685231" result="Passed" start-time="2021-04-07 09:59:44Z" end-time="2021-04-07 09:59:44Z" duration="0.000147" asserts="4" />
              <test-case id="1051" name="RectangularCuboid_BoundingBox_IsCorrect(-6,2,4,4)" fullname="Inheritance.Geometry.Virtual.VirtualTask_Should.RectangularCuboid_BoundingBox_IsCorrect(-6,2,4,4)" methodname="RectangularCuboid_BoundingBox_IsCorrect" classname="Inheritance.Geometry.Virtual.VirtualTask_Should" runstate="Runnable" seed="1607135863" result="Passed" start-time="2021-04-07 09:59:44Z" end-time="2021-04-07 09:59:44Z" duration="0.000348" asserts="4" />
              <test-case id="1052" name="RectangularCuboid_BoundingBox_IsCorrect(-6,-2,4,9)" fullname="Inheritance.Geometry.Virtual.VirtualTask_Should.RectangularCuboid_BoundingBox_IsCorrect(-6,-2,4,9)" methodname="RectangularCuboid_BoundingBox_IsCorrect" classname="Inheritance.Geometry.Virtual.VirtualTask_Should" runstate="Runnable" seed="621138165" result="Passed" start-time="2021-04-07 09:59:44Z" end-time="2021-04-07 09:59:44Z" duration="0.000235" asserts="4" />
              <test-case id="1053" name="RectangularCuboid_BoundingBox_IsCorrect(-6,-2,-4,8)" fullname="Inheritance.Geometry.Virtual.VirtualTask_Should.RectangularCuboid_BoundingBox_IsCorrect(-6,-2,-4,8)" methodname="RectangularCuboid_BoundingBox_IsCorrect" classname="Inheritance.Geometry.Virtual.VirtualTask_Should" runstate="Runnable" seed="378805173" result="Passed" start-time="2021-04-07 09:59:44Z" end-time="2021-04-07 09:59:44Z" duration="0.000261" asserts="4" />
              <test-case id="1054" name="RectangularCuboid_BoundingBox_IsCorrect(6,2,-4,7)" fullname="Inheritance.Geometry.Virtual.VirtualTask_Should.RectangularCuboid_BoundingBox_IsCorrect(6,2,-4,7)" methodname="RectangularCuboid_BoundingBox_IsCorrect" classname="Inheritance.Geometry.Virtual.VirtualTask_Should" runstate="Runnable" seed="1811336000" result="Passed" start-time="2021-04-07 09:59:44Z" end-time="2021-04-07 09:59:44Z" duration="0.000313" asserts="4" />
              <test-case id="1055" name="RectangularCuboid_BoundingBox_IsCorrect(6,-2,-4,1)" fullname="Inheritance.Geometry.Virtual.VirtualTask_Should.RectangularCuboid_BoundingBox_IsCorrect(6,-2,-4,1)" methodname="RectangularCuboid_BoundingBox_IsCorrect" classname="Inheritance.Geometry.Virtual.VirtualTask_Should" runstate="Runnable" seed="920343017" result="Passed" start-time="2021-04-07 09:59:44Z" end-time="2021-04-07 09:59:44Z" duration="0.000309" asserts="4" />
            </test-suite>
            <test-suite type="ParameterizedMethod" id="1042" name="RectangularCuboid_ContainsPoint_IsCorrect" fullname="Inheritance.Geometry.Virtual.VirtualTask_Should.RectangularCuboid_ContainsPoint_IsCorrect" classname="Inheritance.Geometry.Virtual.VirtualTask_Should" runstate="Runnable" testcasecount="13" result="Passed" start-time="2021-04-07 09:59:44Z" end-time="2021-04-07 09:59:45Z" duration="0.454566" total="13" passed="13" failed="0" warnings="0" inconclusive="0" skipped="0" asserts="182">
              <test-case id="1029" name="RectangularCuboid_ContainsPoint_IsCorrect(0,0,0,8,8,8)" fullname="Inheritance.Geometry.Virtual.VirtualTask_Should.RectangularCuboid_ContainsPoint_IsCorrect(0,0,0,8,8,8)" methodname="RectangularCuboid_ContainsPoint_IsCorrect" classname="Inheritance.Geometry.Virtual.VirtualTask_Should" runstate="Runnable" seed="628627444" result="Passed" start-time="2021-04-07 09:59:44Z" end-time="2021-04-07 09:59:44Z" duration="0.000933" asserts="14" />
              <test-case id="1030" name="RectangularCuboid_ContainsPoint_IsCorrect(6,2,4)" fullname="Inheritance.Geometry.Virtual.VirtualTask_Should.RectangularCuboid_ContainsPoint_IsCorrect(6,2,4)" methodname="RectangularCuboid_ContainsPoint_IsCorrect" classname="Inheritance.Geometry.Virtual.VirtualTask_Should" runstate="Runnable" seed="982704224" result="Passed" start-time="2021-04-07 09:59:44Z" end-time="2021-04-07 09:59:44Z" duration="0.000237" asserts="14" />
              <test-case id="1031" name="RectangularCuboid_ContainsPoint_IsCorrect(-6,2,4)" fullname="Inheritance.Geometry.Virtual.VirtualTask_Should.RectangularCuboid_ContainsPoint_IsCorrect(-6,2,4)" methodname="RectangularCuboid_ContainsPoint_IsCorrect" classname="Inheritance.Geometry.Virtual.VirtualTask_Should" runstate="Runnable" seed="686481484" result="Passed" start-time="2021-04-07 09:59:44Z" end-time="2021-04-07 09:59:44Z" duration="0.000345" asserts="14" />
              <test-case id="1032" name="RectangularCuboid_ContainsPoint_IsCorrect(-6,-2,4)" fullname="Inheritance.Geometry.Virtual.VirtualTask_Should.RectangularCuboid_ContainsPoint_IsCorrect(-6,-2,4)" methodname="RectangularCuboid_ContainsPoint_IsCorrect" classname="Inheritance.Geometry.Virtual.VirtualTask_Should" runstate="Runnable" seed="1146669609" result="Passed" start-time="2021-04-07 09:59:44Z" end-time="2021-04-07 09:59:44Z" duration="0.000471" asserts="14" />
              <test-case id="1033" name="RectangularCuboid_ContainsPoint_IsCorrect(-6,-2,-4)" fullname="Inheritance.Geometry.Virtual.VirtualTask_Should.RectangularCuboid_ContainsPoint_IsCorrect(-6,-2,-4)" methodname="RectangularCuboid_ContainsPoint_IsCorrect" classname="Inheritance.Geometry.Virtual.VirtualTask_Should" runstate="Runnable" seed="1788771940" result="Passed" start-time="2021-04-07 09:59:45Z" end-time="2021-04-07 09:59:45Z" duration="0.000379" asserts="14" />
              <test-case id="1034" name="RectangularCuboid_ContainsPoint_IsCorrect(6,2,-4)" fullname="Inheritance.Geometry.Virtual.VirtualTask_Should.RectangularCuboid_ContainsPoint_IsCorrect(6,2,-4)" methodname="RectangularCuboid_ContainsPoint_IsCorrect" classname="Inheritance.Geometry.Virtual.VirtualTask_Should" runstate="Runnable" seed="365610786" result="Passed" start-time="2021-04-07 09:59:45Z" end-time="2021-04-07 09:59:45Z" duration="0.000360" asserts="14" />
              <test-case id="1035" name="RectangularCuboid_ContainsPoint_IsCorrect(6,-2,-4)" fullname="Inheritance.Geometry.Virtual.VirtualTask_Should.RectangularCuboid_ContainsPoint_IsCorrect(6,-2,-4)" methodname="RectangularCuboid_ContainsPoint_IsCorrect" classname="Inheritance.Geometry.Virtual.VirtualTask_Should" runstate="Runnable" seed="1179770666" result="Passed" start-time="2021-04-07 09:59:45Z" end-time="2021-04-07 09:59:45Z" duration="0.000431" asserts="14" />
              <test-case id="1036" name="RectangularCuboid_ContainsPoint_IsCorrect(6,2,4,4,4,4)" fullname="Inheritance.Geometry.Virtual.VirtualTask_Should.RectangularCuboid_ContainsPoint_IsCorrect(6,2,4,4,4,4)" methodname="RectangularCuboid_ContainsPoint_IsCorrect" classname="Inheritance.Geometry.Virtual.VirtualTask_Should" runstate="Runnable" seed="139720078" result="Passed" start-time="2021-04-07 09:59:45Z" end-time="2021-04-07 09:59:45Z" duration="0.000372" asserts="14" />
              <test-case id="1037" name="RectangularCuboid_ContainsPoint_IsCorrect(-6,2,4)" fullname="Inheritance.Geometry.Virtual.VirtualTask_Should.RectangularCuboid_ContainsPoint_IsCorrect(-6,2,4)" methodname="RectangularCuboid_ContainsPoint_IsCorrect" classname="Inheritance.Geometry.Virtual.VirtualTask_Should" runstate="Runnable" seed="246924297" result="Passed" start-time="2021-04-07 09:59:45Z" end-time="2021-04-07 09:59:45Z" duration="0.000199" asserts="14" />
              <test-case id="1038" name="RectangularCuboid_ContainsPoint_IsCorrect(-6,-2,4)" fullname="Inheritance.Geometry.Virtual.VirtualTask_Should.RectangularCuboid_ContainsPoint_IsCorrect(-6,-2,4)" methodname="RectangularCuboid_ContainsPoint_IsCorrect" classname="Inheritance.Geometry.Virtual.VirtualTask_Should" runstate="Runnable" seed="67331887" result="Passed" start-time="2021-04-07 09:59:45Z" end-time="2021-04-07 09:59:45Z" duration="0.000349" asserts="14" />
              <test-case id="1039" name="RectangularCuboid_ContainsPoint_IsCorrect(-6,-2,-4)" fullname="Inheritance.Geometry.Virtual.VirtualTask_Should.RectangularCuboid_ContainsPoint_IsCorrect(-6,-2,-4)" methodname="RectangularCuboid_ContainsPoint_IsCorrect" classname="Inheritance.Geometry.Virtual.VirtualTask_Should" runstate="Runnable" seed="979364173" result="Passed" start-time="2021-04-07 09:59:45Z" end-time="2021-04-07 09:59:45Z" duration="0.000178" asserts="14" />
              <test-case id="1040" name="RectangularCuboid_ContainsPoint_IsCorrect(6,2,-4)" fullname="Inheritance.Geometry.Virtual.VirtualTask_Should.RectangularCuboid_ContainsPoint_IsCorrect(6,2,-4)" methodname="RectangularCuboid_ContainsPoint_IsCorrect" classname="Inheritance.Geometry.Virtual.VirtualTask_Should" runstate="Runnable" seed="186486704" result="Passed" start-time="2021-04-07 09:59:45Z" end-time="2021-04-07 09:59:45Z" duration="0.000405" asserts="14" />
              <test-case id="1041" name="RectangularCuboid_ContainsPoint_IsCorrect(6,-2,-4)" fullname="Inheritance.Geometry.Virtual.VirtualTask_Should.RectangularCuboid_ContainsPoint_IsCorrect(6,-2,-4)" methodname="RectangularCuboid_ContainsPoint_IsCorrect" classname="Inheritance.Geometry.Virtual.VirtualTask_Should" runstate="Runnable" seed="1301637867" result="Passed" start-time="2021-04-07 09:59:45Z" end-time="2021-04-07 09:59:45Z" duration="0.000454" asserts="14" />
            </test-suite>
          </test-suite>
        </test-suite>
        <test-suite type="TestSuite" id="1176" name="Visitor" fullname="Inheritance.Geometry.Visitor" runstate="Runnable" testcasecount="55" result="Failed" site="Child" start-time="2021-04-07 09:59:41Z" end-time="2021-04-07 09:59:47Z" duration="6.083909" total="55" passed="51" failed="4" warnings="0" inconclusive="0" skipped="0" asserts="276">
          <failure>
            <message><![CDATA[One or more child tests had errors]]></message>
          </failure>
          <test-suite type="TestFixture" id="1110" name="BoundingBoxVisitor_Should" fullname="Inheritance.Geometry.Visitor.BoundingBoxVisitor_Should" classname="Inheritance.Geometry.Visitor.BoundingBoxVisitor_Should" runstate="Runnable" testcasecount="51" result="Failed" site="Child" start-time="2021-04-07 09:59:45Z" end-time="2021-04-07 09:59:47Z" duration="2.122159" total="51" passed="48" failed="3" warnings="0" inconclusive="0" skipped="0" asserts="264">
            <failure>
              <message><![CDATA[One or more child tests had errors]]></message>
            </failure>
            <test-suite type="ParameterizedMethod" id="1128" name="Ball_BoundingBoxVisitor_IsCorrect" fullname="Inheritance.Geometry.Visitor.BoundingBoxVisitor_Should.Ball_BoundingBoxVisitor_IsCorrect" classname="Inheritance.Geometry.Visitor.BoundingBoxVisitor_Should" runstate="Runnable" testcasecount="13" result="Passed" start-time="2021-04-07 09:59:45Z" end-time="2021-04-07 09:59:46Z" duration="0.640949" total="13" passed="13" failed="0" warnings="0" inconclusive="0" skipped="0" asserts="52">
              <test-case id="1115" name="Ball_BoundingBoxVisitor_IsCorrect(0,0,0,1)" fullname="Inheritance.Geometry.Visitor.BoundingBoxVisitor_Should.Ball_BoundingBoxVisitor_IsCorrect(0,0,0,1)" methodname="Ball_BoundingBoxVisitor_IsCorrect" classname="Inheritance.Geometry.Visitor.BoundingBoxVisitor_Should" runstate="Runnable" seed="217716831" result="Passed" start-time="2021-04-07 09:59:45Z" end-time="2021-04-07 09:59:45Z" duration="0.198168" asserts="4" />
              <test-case id="1116" name="Ball_BoundingBoxVisitor_IsCorrect(6,2,4,0)" fullname="Inheritance.Geometry.Visitor.BoundingBoxVisitor_Should.Ball_BoundingBoxVisitor_IsCorrect(6,2,4,0)" methodname="Ball_BoundingBoxVisitor_IsCorrect" classname="Inheritance.Geometry.Visitor.BoundingBoxVisitor_Should" runstate="Runnable" seed="1590528459" result="Passed" start-time="2021-04-07 09:59:45Z" end-time="2021-04-07 09:59:45Z" duration="0.000173" asserts="4" />
              <test-case id="1117" name="Ball_BoundingBoxVisitor_IsCorrect(-6,2,4,0)" fullname="Inheritance.Geometry.Visitor.BoundingBoxVisitor_Should.Ball_BoundingBoxVisitor_IsCorrect(-6,2,4,0)" methodname="Ball_BoundingBoxVisitor_IsCorrect" classname="Inheritance.Geometry.Visitor.BoundingBoxVisitor_Should" runstate="Runnable" seed="1397744417" result="Passed" start-time="2021-04-07 09:59:45Z" end-time="2021-04-07 09:59:45Z" duration="0.000155" asserts="4" />
              <test-case id="1118" name="Ball_BoundingBoxVisitor_IsCorrect(-6,-2,4,0)" fullname="Inheritance.Geometry.Visitor.BoundingBoxVisitor_Should.Ball_BoundingBoxVisitor_IsCorrect(-6,-2,4,0)" methodname="Ball_BoundingBoxVisitor_IsCorrect" classname="Inheritance.Geometry.Visitor.BoundingBoxVisitor_Should" runstate="Runnable" seed="1864587729" result="Passed" start-time="2021-04-07 09:59:45Z" end-time="2021-04-07 09:59:45Z" duration="0.000171" asserts="4" />
              <test-case id="1119" name="Ball_BoundingBoxVisitor_IsCorrect(-6,-2,-4,0)" fullname="Inheritance.Geometry.Visitor.BoundingBoxVisitor_Should.Ball_BoundingBoxVisitor_IsCorrect(-6,-2,-4,0)" methodname="Ball_BoundingBoxVisitor_IsCorrect" classname="Inheritance.Geometry.Visitor.BoundingBoxVisitor_Should" runstate="Runnable" seed="1600209885" result="Passed" start-time="2021-04-07 09:59:45Z" end-time="2021-04-07 09:59:45Z" duration="0.000287" asserts="4" />
              <test-case id="1120" name="Ball_BoundingBoxVisitor_IsCorrect(6,2,-4,0)" fullname="Inheritance.Geometry.Visitor.BoundingBoxVisitor_Should.Ball_BoundingBoxVisitor_IsCorrect(6,2,-4,0)" methodname="Ball_BoundingBoxVisitor_IsCorrect" classname="Inheritance.Geometry.Visitor.BoundingBoxVisitor_Should" runstate="Runnable" seed="1605219434" result="Passed" start-time="2021-04-07 09:59:45Z" end-time="2021-04-07 09:59:45Z" duration="0.000138" asserts="4" />
              <test-case id="1121" name="Ball_BoundingBoxVisitor_IsCorrect(6,-2,-4,0)" fullname="Inheritance.Geometry.Visitor.BoundingBoxVisitor_Should.Ball_BoundingBoxVisitor_IsCorrect(6,-2,-4,0)" methodname="Ball_BoundingBoxVisitor_IsCorrect" classname="Inheritance.Geometry.Visitor.BoundingBoxVisitor_Should" runstate="Runnable" seed="1881524493" result="Passed" start-time="2021-04-07 09:59:45Z" end-time="2021-04-07 09:59:45Z" duration="0.000144" asserts="4" />
              <test-case id="1122" name="Ball_BoundingBoxVisitor_IsCorrect(6,2,4,2)" fullname="Inheritance.Geometry.Visitor.BoundingBoxVisitor_Should.Ball_BoundingBoxVisitor_IsCorrect(6,2,4,2)" methodname="Ball_BoundingBoxVisitor_IsCorrect" classname="Inheritance.Geometry.Visitor.BoundingBoxVisitor_Should" runstate="Runnable" seed="438826418" result="Passed" start-time="2021-04-07 09:59:45Z" end-time="2021-04-07 09:59:45Z" duration="0.000153" asserts="4" />
              <test-case id="1123" name="Ball_BoundingBoxVisitor_IsCorrect(-6,2,4,4)" fullname="Inheritance.Geometry.Visitor.BoundingBoxVisitor_Should.Ball_BoundingBoxVisitor_IsCorrect(-6,2,4,4)" methodname="Ball_BoundingBoxVisitor_IsCorrect" classname="Inheritance.Geometry.Visitor.BoundingBoxVisitor_Should" runstate="Runnable" seed="1741965305" result="Passed" start-time="2021-04-07 09:59:45Z" end-time="2021-04-07 09:59:45Z" duration="0.000139" asserts="4" />
              <test-case id="1124" name="Ball_BoundingBoxVisitor_IsCorrect(-6,-2,4,9)" fullname="Inheritance.Geometry.Visitor.BoundingBoxVisitor_Should.Ball_BoundingBoxVisitor_IsCorrect(-6,-2,4,9)" methodname="Ball_BoundingBoxVisitor_IsCorrect" classname="Inheritance.Geometry.Visitor.BoundingBoxVisitor_Should" runstate="Runnable" seed="346905092" result="Passed" start-time="2021-04-07 09:59:45Z" end-time="2021-04-07 09:59:45Z" duration="0.000160" asserts="4" />
              <test-case id="1125" name="Ball_BoundingBoxVisitor_IsCorrect(-6,-2,-4,8)" fullname="Inheritance.Geometry.Visitor.BoundingBoxVisitor_Should.Ball_BoundingBoxVisitor_IsCorrect(-6,-2,-4,8)" methodname="Ball_BoundingBoxVisitor_IsCorrect" classname="Inheritance.Geometry.Visitor.BoundingBoxVisitor_Should" runstate="Runnable" seed="1219668933" result="Passed" start-time="2021-04-07 09:59:45Z" end-time="2021-04-07 09:59:45Z" duration="0.000129" asserts="4" />
              <test-case id="1126" name="Ball_BoundingBoxVisitor_IsCorrect(6,2,-4,7)" fullname="Inheritance.Geometry.Visitor.BoundingBoxVisitor_Should.Ball_BoundingBoxVisitor_IsCorrect(6,2,-4,7)" methodname="Ball_BoundingBoxVisitor_IsCorrect" classname="Inheritance.Geometry.Visitor.BoundingBoxVisitor_Should" runstate="Runnable" seed="1682946180" result="Passed" start-time="2021-04-07 09:59:45Z" end-time="2021-04-07 09:59:45Z" duration="0.000213" asserts="4" />
              <test-case id="1127" name="Ball_BoundingBoxVisitor_IsCorrect(6,-2,-4,1)" fullname="Inheritance.Geometry.Visitor.BoundingBoxVisitor_Should.Ball_BoundingBoxVisitor_IsCorrect(6,-2,-4,1)" methodname="Ball_BoundingBoxVisitor_IsCorrect" classname="Inheritance.Geometry.Visitor.BoundingBoxVisitor_Should" runstate="Runnable" seed="1137366830" result="Passed" start-time="2021-04-07 09:59:46Z" end-time="2021-04-07 09:59:46Z" duration="0.000324" asserts="4" />
            </test-suite>
            <test-suite type="ParameterizedMethod" id="1166" name="CompoundBody_BoundingBox_IsCorrect" fullname="Inheritance.Geometry.Visitor.BoundingBoxVisitor_Should.CompoundBody_BoundingBox_IsCorrect" classname="Inheritance.Geometry.Visitor.BoundingBoxVisitor_Should" runstate="Runnable" testcasecount="9" result="Passed" start-time="2021-04-07 09:59:46Z" end-time="2021-04-07 09:59:46Z" duration="0.298761" total="9" passed="9" failed="0" warnings="0" inconclusive="0" skipped="0" asserts="108">
              <test-case id="1157" name="CompoundBody_BoundingBox_IsCorrect(0,0,0,1)" fullname="Inheritance.Geometry.Visitor.BoundingBoxVisitor_Should.CompoundBody_BoundingBox_IsCorrect(0,0,0,1)" methodname="CompoundBody_BoundingBox_IsCorrect" classname="Inheritance.Geometry.Visitor.BoundingBoxVisitor_Should" runstate="Runnable" seed="1090032785" result="Passed" start-time="2021-04-07 09:59:46Z" end-time="2021-04-07 09:59:46Z" duration="0.006361" asserts="12" />
              <test-case id="1158" name="CompoundBody_BoundingBox_IsCorrect(0,0,0,6)" fullname="Inheritance.Geometry.Visitor.BoundingBoxVisitor_Should.CompoundBody_BoundingBox_IsCorrect(0,0,0,6)" methodname="CompoundBody_BoundingBox_IsCorrect" classname="Inheritance.Geometry.Visitor.BoundingBoxVisitor_Should" runstate="Runnable" seed="402810170" result="Passed" start-time="2021-04-07 09:59:46Z" end-time="2021-04-07 09:59:46Z" duration="0.000493" asserts="12" />
              <test-case id="1159" name="CompoundBody_BoundingBox_IsCorrect(0,0,0,7)" fullname="Inheritance.Geometry.Visitor.BoundingBoxVisitor_Should.CompoundBody_BoundingBox_IsCorrect(0,0,0,7)" methodname="CompoundBody_BoundingBox_IsCorrect" classname="Inheritance.Geometry.Visitor.BoundingBoxVisitor_Should" runstate="Runnable" seed="680470069" result="Passed" start-time="2021-04-07 09:59:46Z" end-time="2021-04-07 09:59:46Z" duration="0.000162" asserts="12" />
              <test-case id="1160" name="CompoundBody_BoundingBox_IsCorrect(1,1,1,7)" fullname="Inheritance.Geometry.Visitor.BoundingBoxVisitor_Should.CompoundBody_BoundingBox_IsCorrect(1,1,1,7)" methodname="CompoundBody_BoundingBox_IsCorrect" classname="Inheritance.Geometry.Visitor.BoundingBoxVisitor_Should" runstate="Runnable" seed="2134682851" result="Passed" start-time="2021-04-07 09:59:46Z" end-time="2021-04-07 09:59:46Z" duration="0.000163" asserts="12" />
              <test-case id="1161" name="CompoundBody_BoundingBox_IsCorrect(2,3,6,5)" fullname="Inheritance.Geometry.Visitor.BoundingBoxVisitor_Should.CompoundBody_BoundingBox_IsCorrect(2,3,6,5)" methodname="CompoundBody_BoundingBox_IsCorrect" classname="Inheritance.Geometry.Visitor.BoundingBoxVisitor_Should" runstate="Runnable" seed="1618924018" result="Passed" start-time="2021-04-07 09:59:46Z" end-time="2021-04-07 09:59:46Z" duration="0.000168" asserts="12" />
              <test-case id="1162" name="CompoundBody_BoundingBox_IsCorrect(-2,-3,6,3)" fullname="Inheritance.Geometry.Visitor.BoundingBoxVisitor_Should.CompoundBody_BoundingBox_IsCorrect(-2,-3,6,3)" methodname="CompoundBody_BoundingBox_IsCorrect" classname="Inheritance.Geometry.Visitor.BoundingBoxVisitor_Should" runstate="Runnable" seed="1255221512" result="Passed" start-time="2021-04-07 09:59:46Z" end-time="2021-04-07 09:59:46Z" duration="0.000242" asserts="12" />
              <test-case id="1163" name="CompoundBody_BoundingBox_IsCorrect(-12,-23,-46,13)" fullname="Inheritance.Geometry.Visitor.BoundingBoxVisitor_Should.CompoundBody_BoundingBox_IsCorrect(-12,-23,-46,13)" methodname="CompoundBody_BoundingBox_IsCorrect" classname="Inheritance.Geometry.Visitor.BoundingBoxVisitor_Should" runstate="Runnable" seed="1191362573" result="Passed" start-time="2021-04-07 09:59:46Z" end-time="2021-04-07 09:59:46Z" duration="0.000228" asserts="12" />
              <test-case id="1164" name="CompoundBody_BoundingBox_IsCorrect(12,-23,6,14)" fullname="Inheritance.Geometry.Visitor.BoundingBoxVisitor_Should.CompoundBody_BoundingBox_IsCorrect(12,-23,6,14)" methodname="CompoundBody_BoundingBox_IsCorrect" classname="Inheritance.Geometry.Visitor.BoundingBoxVisitor_Should" runstate="Runnable" seed="1927429193" result="Passed" start-time="2021-04-07 09:59:46Z" end-time="2021-04-07 09:59:46Z" duration="0.000247" asserts="12" />
              <test-case id="1165" name="CompoundBody_BoundingBox_IsCorrect(8,5,-16,12)" fullname="Inheritance.Geometry.Visitor.BoundingBoxVisitor_Should.CompoundBody_BoundingBox_IsCorrect(8,5,-16,12)" methodname="CompoundBody_BoundingBox_IsCorrect" classname="Inheritance.Geometry.Visitor.BoundingBoxVisitor_Should" runstate="Runnable" seed="1803483110" result="Passed" start-time="2021-04-07 09:59:46Z" end-time="2021-04-07 09:59:46Z" duration="0.000106" asserts="12" />
            </test-suite>
            <test-suite type="ParameterizedMethod" id="1114" name="CompoundBody_Of_TwoCuboids_BoundingBox_Correct" fullname="Inheritance.Geometry.Visitor.BoundingBoxVisitor_Should.CompoundBody_Of_TwoCuboids_BoundingBox_Correct" classname="Inheritance.Geometry.Visitor.BoundingBoxVisitor_Should" runstate="Runnable" testcasecount="3" result="Failed" site="Child" start-time="2021-04-07 09:59:46Z" end-time="2021-04-07 09:59:46Z" duration="0.130698" total="3" passed="0" failed="3" warnings="0" inconclusive="0" skipped="0" asserts="0">
              <failure>
                <message><![CDATA[One or more child tests had errors]]></message>
              </failure>
              <test-case id="1111" name="CompoundBody_Of_TwoCuboids_BoundingBox_Correct(1,2,3,2,1,3,5,5,4)" fullname="Inheritance.Geometry.Visitor.BoundingBoxVisitor_Should.CompoundBody_Of_TwoCuboids_BoundingBox_Correct(1,2,3,2,1,3,5,5,4)" methodname="CompoundBody_Of_TwoCuboids_BoundingBox_Correct" classname="Inheritance.Geometry.Visitor.BoundingBoxVisitor_Should" runstate="Runnable" seed="1624830850" result="Failed" label="Error" start-time="2021-04-07 09:59:46Z" end-time="2021-04-07 09:59:46Z" duration="0.032737" asserts="0">
                <failure>
                  <message><![CDATA[System.NullReferenceException : Ссылка на объект не указывает на экземпляр объекта.]]></message>
                  <stack-trace><![CDATA[   в Inheritance.Geometry.Visitor.BoundingBoxVisitor.Visit(CompoundBody compoundBody) в D:\Учеба\прога\ulearn\пис\Inheritance.Geometry.csproj\Visitor\VisitorTask.cs:строка 126
   в Inheritance.Geometry.Visitor.CompoundBody.Accept(IVisitor visitor) в D:\Учеба\прога\ulearn\пис\Inheritance.Geometry.csproj\Visitor\VisitorTask.cs:строка 105
   в Inheritance.Geometry.Visitor.BodyExtensions.TryAcceptVisitor[TResult](Body body, Object visitor) в D:\Учеба\прога\ulearn\пис\Inheritance.Geometry.csproj\Visitor\BodyExtensions.cs:строка 9
   в Inheritance.Geometry.Visitor.BoundingBoxVisitor_Should.CompoundBody_Of_TwoCuboids_BoundingBox_Correct(Double x0, Double y0, Double z0, Double x1, Double y1, Double z1, Double expectedSizeX, Double expectedSizeY, Double expectedSizeZ) в D:\Учеба\прога\ulearn\пис\Inheritance.Geometry.csproj\Visitor\BoundingBoxVisitor_Should.cs:строка 20]]></stack-trace>
                </failure>
              </test-case>
              <test-case id="1112" name="CompoundBody_Of_TwoCuboids_BoundingBox_Correct(1,1,1,2,2,2,5,5,5)" fullname="Inheritance.Geometry.Visitor.BoundingBoxVisitor_Should.CompoundBody_Of_TwoCuboids_BoundingBox_Correct(1,1,1,2,2,2,5,5,5)" methodname="CompoundBody_Of_TwoCuboids_BoundingBox_Correct" classname="Inheritance.Geometry.Visitor.BoundingBoxVisitor_Should" runstate="Runnable" seed="1919166324" result="Failed" label="Error" start-time="2021-04-07 09:59:46Z" end-time="2021-04-07 09:59:46Z" duration="0.000887" asserts="0">
                <failure>
                  <message><![CDATA[System.NullReferenceException : Ссылка на объект не указывает на экземпляр объекта.]]></message>
                  <stack-trace><![CDATA[   в Inheritance.Geometry.Visitor.BoundingBoxVisitor.Visit(CompoundBody compoundBody) в D:\Учеба\прога\ulearn\пис\Inheritance.Geometry.csproj\Visitor\VisitorTask.cs:строка 126
   в Inheritance.Geometry.Visitor.CompoundBody.Accept(IVisitor visitor) в D:\Учеба\прога\ulearn\пис\Inheritance.Geometry.csproj\Visitor\VisitorTask.cs:строка 105
   в Inheritance.Geometry.Visitor.BodyExtensions.TryAcceptVisitor[TResult](Body body, Object visitor) в D:\Учеба\прога\ulearn\пис\Inheritance.Geometry.csproj\Visitor\BodyExtensions.cs:строка 9
   в Inheritance.Geometry.Visitor.BoundingBoxVisitor_Should.CompoundBody_Of_TwoCuboids_BoundingBox_Correct(Double x0, Double y0, Double z0, Double x1, Double y1, Double z1, Double expectedSizeX, Double expectedSizeY, Double expectedSizeZ) в D:\Учеба\прога\ulearn\пис\Inheritance.Geometry.csproj\Visitor\BoundingBoxVisitor_Should.cs:строка 20]]></stack-trace>
                </failure>
              </test-case>
              <test-case id="1113" name="CompoundBody_Of_TwoCuboids_BoundingBox_Correct(2,1,1,1,2,2,5,5,5)" fullname="Inheritance.Geometry.Visitor.BoundingBoxVisitor_Should.CompoundBody_Of_TwoCuboids_BoundingBox_Correct(2,1,1,1,2,2,5,5,5)" methodname="CompoundBody_Of_TwoCuboids_BoundingBox_Correct" classname="Inheritance.Geometry.Visitor.BoundingBoxVisitor_Should" runstate="Runnable" seed="1127760823" result="Failed" label="Error" start-time="2021-04-07 09:59:46Z" end-time="2021-04-07 09:59:46Z" duration="0.001089" asserts="0">
                <failure>
                  <message><![CDATA[System.NullReferenceException : Ссылка на объект не указывает на экземпляр объекта.]]></message>
                  <stack-trace><![CDATA[   в Inheritance.Geometry.Visitor.BoundingBoxVisitor.Visit(CompoundBody compoundBody) в D:\Учеба\прога\ulearn\пис\Inheritance.Geometry.csproj\Visitor\VisitorTask.cs:строка 126
   в Inheritance.Geometry.Visitor.CompoundBody.Accept(IVisitor visitor) в D:\Учеба\прога\ulearn\пис\Inheritance.Geometry.csproj\Visitor\VisitorTask.cs:строка 105
   в Inheritance.Geometry.Visitor.BodyExtensions.TryAcceptVisitor[TResult](Body body, Object visitor) в D:\Учеба\прога\ulearn\пис\Inheritance.Geometry.csproj\Visitor\BodyExtensions.cs:строка 9
   в Inheritance.Geometry.Visitor.BoundingBoxVisitor_Should.CompoundBody_Of_TwoCuboids_BoundingBox_Correct(Double x0, Double y0, Double z0, Double x1, Double y1, Double z1, Double expectedSizeX, Double expectedSizeY, Double expectedSizeZ) в D:\Учеба\прога\ulearn\пис\Inheritance.Geometry.csproj\Visitor\BoundingBoxVisitor_Should.cs:строка 20]]></stack-trace>
                </failure>
              </test-case>
            </test-suite>
            <test-suite type="ParameterizedMethod" id="1156" name="Cylinder_BoundingBox_IsCorrect" fullname="Inheritance.Geometry.Visitor.BoundingBoxVisitor_Should.Cylinder_BoundingBox_IsCorrect" classname="Inheritance.Geometry.Visitor.BoundingBoxVisitor_Should" runstate="Runnable" testcasecount="13" result="Passed" start-time="2021-04-07 09:59:46Z" end-time="2021-04-07 09:59:47Z" duration="0.439497" total="13" passed="13" failed="0" warnings="0" inconclusive="0" skipped="0" asserts="52">
              <test-case id="1143" name="Cylinder_BoundingBox_IsCorrect(0,0,0,1,2)" fullname="Inheritance.Geometry.Visitor.BoundingBoxVisitor_Should.Cylinder_BoundingBox_IsCorrect(0,0,0,1,2)" methodname="Cylinder_BoundingBox_IsCorrect" classname="Inheritance.Geometry.Visitor.BoundingBoxVisitor_Should" runstate="Runnable" seed="688190900" result="Passed" start-time="2021-04-07 09:59:46Z" end-time="2021-04-07 09:59:46Z" duration="0.002000" asserts="4" />
              <test-case id="1144" name="Cylinder_BoundingBox_IsCorrect(6,2,4,5,4)" fullname="Inheritance.Geometry.Visitor.BoundingBoxVisitor_Should.Cylinder_BoundingBox_IsCorrect(6,2,4,5,4)" methodname="Cylinder_BoundingBox_IsCorrect" classname="Inheritance.Geometry.Visitor.BoundingBoxVisitor_Should" runstate="Runnable" seed="1848237696" result="Passed" start-time="2021-04-07 09:59:46Z" end-time="2021-04-07 09:59:46Z" duration="0.000307" asserts="4" />
              <test-case id="1145" name="Cylinder_BoundingBox_IsCorrect(-6,2,4,5,5)" fullname="Inheritance.Geometry.Visitor.BoundingBoxVisitor_Should.Cylinder_BoundingBox_IsCorrect(-6,2,4,5,5)" methodname="Cylinder_BoundingBox_IsCorrect" classname="Inheritance.Geometry.Visitor.BoundingBoxVisitor_Should" runstate="Runnable" seed="829099549" result="Passed" start-time="2021-04-07 09:59:46Z" end-time="2021-04-07 09:59:46Z" duration="0.000312" asserts="4" />
              <test-case id="1146" name="Cylinder_BoundingBox_IsCorrect(-6,-2,4)" fullname="Inheritance.Geometry.Visitor.BoundingBoxVisitor_Should.Cylinder_BoundingBox_IsCorrect(-6,-2,4)" methodname="Cylinder_BoundingBox_IsCorrect" classname="Inheritance.Geometry.Visitor.BoundingBoxVisitor_Should" runstate="Runnable" seed="1820546090" result="Passed" start-time="2021-04-07 09:59:46Z" end-time="2021-04-07 09:59:46Z" duration="0.000307" asserts="4" />
              <test-case id="1147" name="Cylinder_BoundingBox_IsCorrect(-6,-2,-4)" fullname="Inheritance.Geometry.Visitor.BoundingBoxVisitor_Should.Cylinder_BoundingBox_IsCorrect(-6,-2,-4)" methodname="Cylinder_BoundingBox_IsCorrect" classname="Inheritance.Geometry.Visitor.BoundingBoxVisitor_Should" runstate="Runnable" seed="2136334970" result="Passed" start-time="2021-04-07 09:59:46Z" end-time="2021-04-07 09:59:46Z" duration="0.000312" asserts="4" />
              <test-case id="1148" name="Cylinder_BoundingBox_IsCorrect(6,2,-4)" fullname="Inheritance.Geometry.Visitor.BoundingBoxVisitor_Should.Cylinder_BoundingBox_IsCorrect(6,2,-4)" methodname="Cylinder_BoundingBox_IsCorrect" classname="Inheritance.Geometry.Visitor.BoundingBoxVisitor_Should" runstate="Runnable" seed="471145252" result="Passed" start-time="2021-04-07 09:59:46Z" end-time="2021-04-07 09:59:46Z" duration="0.000314" asserts="4" />
              <test-case id="1149" name="Cylinder_BoundingBox_IsCorrect(6,-2,-4)" fullname="Inheritance.Geometry.Visitor.BoundingBoxVisitor_Should.Cylinder_BoundingBox_IsCorrect(6,-2,-4)" methodname="Cylinder_BoundingBox_IsCorrect" classname="Inheritance.Geometry.Visitor.BoundingBoxVisitor_Should" runstate="Runnable" seed="871190479" result="Passed" start-time="2021-04-07 09:59:46Z" end-time="2021-04-07 09:59:46Z" duration="0.000308" asserts="4" />
              <test-case id="1150" name="Cylinder_BoundingBox_IsCorrect(6,2,4)" fullname="Inheritance.Geometry.Visitor.BoundingBoxVisitor_Should.Cylinder_BoundingBox_IsCorrect(6,2,4)" methodname="Cylinder_BoundingBox_IsCorrect" classname="Inheritance.Geometry.Visitor.BoundingBoxVisitor_Should" runstate="Runnable" seed="1144841730" result="Passed" start-time="2021-04-07 09:59:46Z" end-time="2021-04-07 09:59:46Z" duration="0.000349" asserts="4" />
              <test-case id="1151" name="Cylinder_BoundingBox_IsCorrect(-6,2,4)" fullname="Inheritance.Geometry.Visitor.BoundingBoxVisitor_Should.Cylinder_BoundingBox_IsCorrect(-6,2,4)" methodname="Cylinder_BoundingBox_IsCorrect" classname="Inheritance.Geometry.Visitor.BoundingBoxVisitor_Should" runstate="Runnable" seed="1830958947" result="Passed" start-time="2021-04-07 09:59:46Z" end-time="2021-04-07 09:59:46Z" duration="0.000314" asserts="4" />
              <test-case id="1152" name="Cylinder_BoundingBox_IsCorrect(-6,-2,4)" fullname="Inheritance.Geometry.Visitor.BoundingBoxVisitor_Should.Cylinder_BoundingBox_IsCorrect(-6,-2,4)" methodname="Cylinder_BoundingBox_IsCorrect" classname="Inheritance.Geometry.Visitor.BoundingBoxVisitor_Should" runstate="Runnable" seed="223881547" result="Passed" start-time="2021-04-07 09:59:46Z" end-time="2021-04-07 09:59:46Z" duration="0.000261" asserts="4" />
              <test-case id="1153" name="Cylinder_BoundingBox_IsCorrect(-6,-2,-4)" fullname="Inheritance.Geometry.Visitor.BoundingBoxVisitor_Should.Cylinder_BoundingBox_IsCorrect(-6,-2,-4)" methodname="Cylinder_BoundingBox_IsCorrect" classname="Inheritance.Geometry.Visitor.BoundingBoxVisitor_Should" runstate="Runnable" seed="1033660019" result="Passed" start-time="2021-04-07 09:59:46Z" end-time="2021-04-07 09:59:46Z" duration="0.000292" asserts="4" />
              <test-case id="1154" name="Cylinder_BoundingBox_IsCorrect(6,2,-4)" fullname="Inheritance.Geometry.Visitor.BoundingBoxVisitor_Should.Cylinder_BoundingBox_IsCorrect(6,2,-4)" methodname="Cylinder_BoundingBox_IsCorrect" classname="Inheritance.Geometry.Visitor.BoundingBoxVisitor_Should" runstate="Runnable" seed="1159644733" result="Passed" start-time="2021-04-07 09:59:46Z" end-time="2021-04-07 09:59:46Z" duration="0.000284" asserts="4" />
              <test-case id="1155" name="Cylinder_BoundingBox_IsCorrect(6,-2,-4)" fullname="Inheritance.Geometry.Visitor.BoundingBoxVisitor_Should.Cylinder_BoundingBox_IsCorrect(6,-2,-4)" methodname="Cylinder_BoundingBox_IsCorrect" classname="Inheritance.Geometry.Visitor.BoundingBoxVisitor_Should" runstate="Runnable" seed="1220588071" result="Passed" start-time="2021-04-07 09:59:47Z" end-time="2021-04-07 09:59:47Z" duration="0.000188" asserts="4" />
            </test-suite>
            <test-suite type="ParameterizedMethod" id="1142" name="RectangularCuboid_BoundingBoxVisitor_IsCorrect" fullname="Inheritance.Geometry.Visitor.BoundingBoxVisitor_Should.RectangularCuboid_BoundingBoxVisitor_IsCorrect" classname="Inheritance.Geometry.Visitor.BoundingBoxVisitor_Should" runstate="Runnable" testcasecount="13" result="Passed" start-time="2021-04-07 09:59:47Z" end-time="2021-04-07 09:59:47Z" duration="0.432222" total="13" passed="13" failed="0" warnings="0" inconclusive="0" skipped="0" asserts="52">
              <test-case id="1129" name="RectangularCuboid_BoundingBoxVisitor_IsCorrect(0,0,0,1,2,3)" fullname="Inheritance.Geometry.Visitor.BoundingBoxVisitor_Should.RectangularCuboid_BoundingBoxVisitor_IsCorrect(0,0,0,1,2,3)" methodname="RectangularCuboid_BoundingBoxVisitor_IsCorrect" classname="Inheritance.Geometry.Visitor.BoundingBoxVisitor_Should" runstate="Runnable" seed="2127600688" result="Passed" start-time="2021-04-07 09:59:47Z" end-time="2021-04-07 09:59:47Z" duration="0.002063" asserts="4" />
              <test-case id="1130" name="RectangularCuboid_BoundingBoxVisitor_IsCorrect(6,2,4,5,4,7)" fullname="Inheritance.Geometry.Visitor.BoundingBoxVisitor_Should.RectangularCuboid_BoundingBoxVisitor_IsCorrect(6,2,4,5,4,7)" methodname="RectangularCuboid_BoundingBoxVisitor_IsCorrect" classname="Inheritance.Geometry.Visitor.BoundingBoxVisitor_Should" runstate="Runnable" seed="1810873299" result="Passed" start-time="2021-04-07 09:59:47Z" end-time="2021-04-07 09:59:47Z" duration="0.000150" asserts="4" />
              <test-case id="1131" name="RectangularCuboid_BoundingBoxVisitor_IsCorrect(-6,2,4,5,5,5)" fullname="Inheritance.Geometry.Visitor.BoundingBoxVisitor_Should.RectangularCuboid_BoundingBoxVisitor_IsCorrect(-6,2,4,5,5,5)" methodname="RectangularCuboid_BoundingBoxVisitor_IsCorrect" classname="Inheritance.Geometry.Visitor.BoundingBoxVisitor_Should" runstate="Runnable" seed="490978760" result="Passed" start-time="2021-04-07 09:59:47Z" end-time="2021-04-07 09:59:47Z" duration="0.000125" asserts="4" />
              <test-case id="1132" name="RectangularCuboid_BoundingBoxVisitor_IsCorrect(-6,-2,4,0)" fullname="Inheritance.Geometry.Visitor.BoundingBoxVisitor_Should.RectangularCuboid_BoundingBoxVisitor_IsCorrect(-6,-2,4,0)" methodname="RectangularCuboid_BoundingBoxVisitor_IsCorrect" classname="Inheritance.Geometry.Visitor.BoundingBoxVisitor_Should" runstate="Runnable" seed="1152678464" result="Passed" start-time="2021-04-07 09:59:47Z" end-time="2021-04-07 09:59:47Z" duration="0.000333" asserts="4" />
              <test-case id="1133" name="RectangularCuboid_BoundingBoxVisitor_IsCorrect(-6,-2,-4,0)" fullname="Inheritance.Geometry.Visitor.BoundingBoxVisitor_Should.RectangularCuboid_BoundingBoxVisitor_IsCorrect(-6,-2,-4,0)" methodname="RectangularCuboid_BoundingBoxVisitor_IsCorrect" classname="Inheritance.Geometry.Visitor.BoundingBoxVisitor_Should" runstate="Runnable" seed="353598998" result="Passed" start-time="2021-04-07 09:59:47Z" end-time="2021-04-07 09:59:47Z" duration="0.000215" asserts="4" />
              <test-case id="1134" name="RectangularCuboid_BoundingBoxVisitor_IsCorrect(6,2,-4,0)" fullname="Inheritance.Geometry.Visitor.BoundingBoxVisitor_Should.RectangularCuboid_BoundingBoxVisitor_IsCorrect(6,2,-4,0)" methodname="RectangularCuboid_BoundingBoxVisitor_IsCorrect" classname="Inheritance.Geometry.Visitor.BoundingBoxVisitor_Should" runstate="Runnable" seed="490495254" result="Passed" start-time="2021-04-07 09:59:47Z" end-time="2021-04-07 09:59:47Z" duration="0.000248" asserts="4" />
              <test-case id="1135" name="RectangularCuboid_BoundingBoxVisitor_IsCorrect(6,-2,-4,0)" fullname="Inheritance.Geometry.Visitor.BoundingBoxVisitor_Should.RectangularCuboid_BoundingBoxVisitor_IsCorrect(6,-2,-4,0)" methodname="RectangularCuboid_BoundingBoxVisitor_IsCorrect" classname="Inheritance.Geometry.Visitor.BoundingBoxVisitor_Should" runstate="Runnable" seed="1835480524" result="Passed" start-time="2021-04-07 09:59:47Z" end-time="2021-04-07 09:59:47Z" duration="0.000303" asserts="4" />
              <test-case id="1136" name="RectangularCuboid_BoundingBoxVisitor_IsCorrect(6,2,4,2)" fullname="Inheritance.Geometry.Visitor.BoundingBoxVisitor_Should.RectangularCuboid_BoundingBoxVisitor_IsCorrect(6,2,4,2)" methodname="RectangularCuboid_BoundingBoxVisitor_IsCorrect" classname="Inheritance.Geometry.Visitor.BoundingBoxVisitor_Should" runstate="Runnable" seed="1556730761" result="Passed" start-time="2021-04-07 09:59:47Z" end-time="2021-04-07 09:59:47Z" duration="0.000313" asserts="4" />
              <test-case id="1137" name="RectangularCuboid_BoundingBoxVisitor_IsCorrect(-6,2,4,4)" fullname="Inheritance.Geometry.Visitor.BoundingBoxVisitor_Should.RectangularCuboid_BoundingBoxVisitor_IsCorrect(-6,2,4,4)" methodname="RectangularCuboid_BoundingBoxVisitor_IsCorrect" classname="Inheritance.Geometry.Visitor.BoundingBoxVisitor_Should" runstate="Runnable" seed="1157156090" result="Passed" start-time="2021-04-07 09:59:47Z" end-time="2021-04-07 09:59:47Z" duration="0.000321" asserts="4" />
              <test-case id="1138" name="RectangularCuboid_BoundingBoxVisitor_IsCorrect(-6,-2,4,9)" fullname="Inheritance.Geometry.Visitor.BoundingBoxVisitor_Should.RectangularCuboid_BoundingBoxVisitor_IsCorrect(-6,-2,4,9)" methodname="RectangularCuboid_BoundingBoxVisitor_IsCorrect" classname="Inheritance.Geometry.Visitor.BoundingBoxVisitor_Should" runstate="Runnable" seed="696507308" result="Passed" start-time="2021-04-07 09:59:47Z" end-time="2021-04-07 09:59:47Z" duration="0.000304" asserts="4" />
              <test-case id="1139" name="RectangularCuboid_BoundingBoxVisitor_IsCorrect(-6,-2,-4,8)" fullname="Inheritance.Geometry.Visitor.BoundingBoxVisitor_Should.RectangularCuboid_BoundingBoxVisitor_IsCorrect(-6,-2,-4,8)" methodname="RectangularCuboid_BoundingBoxVisitor_IsCorrect" classname="Inheritance.Geometry.Visitor.BoundingBoxVisitor_Should" runstate="Runnable" seed="1629022043" result="Passed" start-time="2021-04-07 09:59:47Z" end-time="2021-04-07 09:59:47Z" duration="0.000298" asserts="4" />
              <test-case id="1140" name="RectangularCuboid_BoundingBoxVisitor_IsCorrect(6,2,-4,7)" fullname="Inheritance.Geometry.Visitor.BoundingBoxVisitor_Should.RectangularCuboid_BoundingBoxVisitor_IsCorrect(6,2,-4,7)" methodname="RectangularCuboid_BoundingBoxVisitor_IsCorrect" classname="Inheritance.Geometry.Visitor.BoundingBoxVisitor_Should" runstate="Runnable" seed="1899931730" result="Passed" start-time="2021-04-07 09:59:47Z" end-time="2021-04-07 09:59:47Z" duration="0.000311" asserts="4" />
              <test-case id="1141" name="RectangularCuboid_BoundingBoxVisitor_IsCorrect(6,-2,-4,1)" fullname="Inheritance.Geometry.Visitor.BoundingBoxVisitor_Should.RectangularCuboid_BoundingBoxVisitor_IsCorrect(6,-2,-4,1)" methodname="RectangularCuboid_BoundingBoxVisitor_IsCorrect" classname="Inheritance.Geometry.Visitor.BoundingBoxVisitor_Should" runstate="Runnable" seed="1535276529" result="Passed" start-time="2021-04-07 09:59:47Z" end-time="2021-04-07 09:59:47Z" duration="0.000359" asserts="4" />
            </test-suite>
          </test-suite>
          <test-suite type="TestFixture" id="1167" name="BoxifyVisitor_Should" fullname="Inheritance.Geometry.Visitor.BoxifyVisitor_Should" classname="Inheritance.Geometry.Visitor.BoxifyVisitor_Should" runstate="Runnable" testcasecount="4" result="Failed" site="Child" start-time="2021-04-07 09:59:47Z" end-time="2021-04-07 09:59:47Z" duration="0.154100" total="4" passed="3" failed="1" warnings="0" inconclusive="0" skipped="0" asserts="12">
            <failure>
              <message><![CDATA[One or more child tests had errors]]></message>
            </failure>
            <test-case id="1168" name="Ball_BoxifyVisitor_IsCorrect" fullname="Inheritance.Geometry.Visitor.BoxifyVisitor_Should.Ball_BoxifyVisitor_IsCorrect" methodname="Ball_BoxifyVisitor_IsCorrect" classname="Inheritance.Geometry.Visitor.BoxifyVisitor_Should" runstate="Runnable" seed="49377468" result="Passed" start-time="2021-04-07 09:59:47Z" end-time="2021-04-07 09:59:47Z" duration="0.002340" asserts="4" />
            <test-case id="1171" name="CompoundBody_BoxifyVisitor_IsCorrect" fullname="Inheritance.Geometry.Visitor.BoxifyVisitor_Should.CompoundBody_BoxifyVisitor_IsCorrect" methodname="CompoundBody_BoxifyVisitor_IsCorrect" classname="Inheritance.Geometry.Visitor.BoxifyVisitor_Should" runstate="Runnable" seed="958718389" result="Failed" label="Error" start-time="2021-04-07 09:59:47Z" end-time="2021-04-07 09:59:47Z" duration="0.018729" asserts="0">
              <failure>
                <message><![CDATA[Microsoft.CSharp.RuntimeBinder.RuntimeBinderException : Невозможно преобразовать тип "Inheritance.Geometry.Visitor.RectangularCuboid" в "Inheritance.Geometry.Visitor.CompoundBody"]]></message>
                <stack-trace><![CDATA[   в CallSite.Target(Closure , CallSite , Object )
   в System.Dynamic.UpdateDelegates.UpdateAndExecute1[T0,TRet](CallSite site, T0 arg0)
   в Inheritance.Geometry.Visitor.BodyExtensions.TryAcceptVisitor[TResult](Body body, Object visitor) в D:\Учеба\прога\ulearn\пис\Inheritance.Geometry.csproj\Visitor\BodyExtensions.cs:строка 9
   в Inheritance.Geometry.Visitor.BoxifyVisitor_Should.CompoundBody_BoxifyVisitor_IsCorrect() в D:\Учеба\прога\ulearn\пис\Inheritance.Geometry.csproj\Visitor\BoxifyVisitor_Should.cs:строка 55]]></stack-trace>
              </failure>
            </test-case>
            <test-case id="1170" name="Cylinder_BoxifyVisitor_IsCorrect" fullname="Inheritance.Geometry.Visitor.BoxifyVisitor_Should.Cylinder_BoxifyVisitor_IsCorrect" methodname="Cylinder_BoxifyVisitor_IsCorrect" classname="Inheritance.Geometry.Visitor.BoxifyVisitor_Should" runstate="Runnable" seed="697594303" result="Passed" start-time="2021-04-07 09:59:47Z" end-time="2021-04-07 09:59:47Z" duration="0.001437" asserts="4" />
            <test-case id="1169" name="RectangularCuboid_BoxifyVisitor_IsCorrect" fullname="Inheritance.Geometry.Visitor.BoxifyVisitor_Should.RectangularCuboid_BoxifyVisitor_IsCorrect" methodname="RectangularCuboid_BoxifyVisitor_IsCorrect" classname="Inheritance.Geometry.Visitor.BoxifyVisitor_Should" runstate="Runnable" seed="113349008" result="Passed" start-time="2021-04-07 09:59:47Z" end-time="2021-04-07 09:59:47Z" duration="0.000984" asserts="4" />
          </test-suite>
        </test-suite>
      </test-suite>
    </test-suite>
  </test-suite>
</test-run>