<?xml version="1.0" encoding="utf-8"?>
<test-run id="2" name="Delegates.TreeTraversal.exe" fullname="D:/Учеба/прога/ulearn/пис/DesignOfInformationSystems/Delegates.TreeTraversal.csproj/bin/Debug/Delegates.TreeTraversal.exe" testcasecount="3" result="Passed" start-time="2021-05-12 05:02:22Z" end-time="2021-05-12 05:02:22Z" duration="0.215439" total="3" passed="3" failed="0" inconclusive="0" skipped="0" asserts="3" random-seed="1363242274">
  <command-line><![CDATA["D:\Учеба\прога\ulearn\пис\DesignOfInformationSystems\Delegates.TreeTraversal.csproj\bin\Debug\Delegates.TreeTraversal.exe"   ]]></command-line>
  <filter />
  <test-suite type="Assembly" id="1004" name="Delegates.TreeTraversal.exe" fullname="D:/Учеба/прога/ulearn/пис/DesignOfInformationSystems/Delegates.TreeTraversal.csproj/bin/Debug/Delegates.TreeTraversal.exe" runstate="Runnable" testcasecount="3" result="Passed" start-time="2021-05-12 05:02:22Z" end-time="2021-05-12 05:02:22Z" duration="0.215439" total="3" passed="3" failed="0" warnings="0" inconclusive="0" skipped="0" asserts="3">
    <environment framework-version="3.6.0.0" clr-version="4.0.30319.42000" os-version="Microsoft Windows NT 6.2.9200.0" platform="Win32NT" cwd="D:\Учеба\прога\ulearn\пис\DesignOfInformationSystems\Delegates.TreeTraversal.csproj\bin\Debug" machine-name="DESKTOP-SVC8GHR" user="user" user-domain="DESKTOP-SVC8GHR" culture="ru-RU" uiculture="ru-RU" os-architecture="x86" />
    <settings>
      <setting name="WorkDirectory" value="D:\Учеба\прога\ulearn\пис\DesignOfInformationSystems\Delegates.TreeTraversal.csproj\bin\Debug" />
      <setting name="NumberOfTestWorkers" value="8" />
    </settings>
    <properties>
      <property name="_PID" value="20856" />
      <property name="_APPDOMAIN" value="Delegates.TreeTraversal.exe" />
    </properties>
    <test-suite type="TestSuite" id="1005" name="Delegates" fullname="Delegates" runstate="Runnable" testcasecount="3" result="Passed" start-time="2021-05-12 05:02:22Z" end-time="2021-05-12 05:02:22Z" duration="0.185304" total="3" passed="3" failed="0" warnings="0" inconclusive="0" skipped="0" asserts="3">
      <test-suite type="TestSuite" id="1006" name="TreeTraversal" fullname="Delegates.TreeTraversal" runstate="Runnable" testcasecount="3" result="Passed" start-time="2021-05-12 05:02:22Z" end-time="2021-05-12 05:02:22Z" duration="0.154887" total="3" passed="3" failed="0" warnings="0" inconclusive="0" skipped="0" asserts="3">
        <test-suite type="TestFixture" id="1000" name="Traversal_should" fullname="Delegates.TreeTraversal.Traversal_should" classname="Delegates.TreeTraversal.Traversal_should" runstate="Runnable" testcasecount="3" result="Passed" start-time="2021-05-12 05:02:22Z" end-time="2021-05-12 05:02:22Z" duration="0.116951" total="3" passed="3" failed="0" warnings="0" inconclusive="0" skipped="0" asserts="3">
          <test-case id="1001" name="GetBinaryTreeValues" fullname="Delegates.TreeTraversal.Traversal_should.GetBinaryTreeValues" methodname="GetBinaryTreeValues" classname="Delegates.TreeTraversal.Traversal_should" runstate="Runnable" seed="1524760981" result="Passed" start-time="2021-05-12 05:02:22Z" end-time="2021-05-12 05:02:22Z" duration="0.021159" asserts="1" />
          <test-case id="1002" name="GetEndJobs" fullname="Delegates.TreeTraversal.Traversal_should.GetEndJobs" methodname="GetEndJobs" classname="Delegates.TreeTraversal.Traversal_should" runstate="Runnable" seed="1778250506" result="Passed" start-time="2021-05-12 05:02:22Z" end-time="2021-05-12 05:02:22Z" duration="0.004146" asserts="1" />
          <test-case id="1003" name="GetProducts" fullname="Delegates.TreeTraversal.Traversal_should.GetProducts" methodname="GetProducts" classname="Delegates.TreeTraversal.Traversal_should" runstate="Runnable" seed="1407207885" result="Passed" start-time="2021-05-12 05:02:22Z" end-time="2021-05-12 05:02:22Z" duration="0.003123" asserts="1" />
        </test-suite>
      </test-suite>
    </test-suite>
  </test-suite>
</test-run>