<?xml version="1.0" encoding="utf-8"?>
<test-run id="2" name="Inheritance.DataStructure.exe" fullname="D:/Учеба/DesignOfInformationSystems/Inheritance.DataStructure.csproj/bin/Debug/Inheritance.DataStructure.exe" testcasecount="6" result="Passed" start-time="2021-04-24 06:30:00Z" end-time="2021-04-24 06:30:00Z" duration="0.280514" total="6" passed="6" failed="0" inconclusive="0" skipped="0" asserts="145" random-seed="1561627814">
  <command-line><![CDATA["D:\Учеба\DesignOfInformationSystems\Inheritance.DataStructure.csproj\bin\Debug\Inheritance.DataStructure.exe"   ]]></command-line>
  <filter />
  <test-suite type="Assembly" id="1007" name="Inheritance.DataStructure.exe" fullname="D:/Учеба/DesignOfInformationSystems/Inheritance.DataStructure.csproj/bin/Debug/Inheritance.DataStructure.exe" runstate="Runnable" testcasecount="6" result="Passed" start-time="2021-04-24 06:30:00Z" end-time="2021-04-24 06:30:00Z" duration="0.280514" total="6" passed="6" failed="0" warnings="0" inconclusive="0" skipped="0" asserts="145">
    <environment framework-version="3.6.0.0" clr-version="4.0.30319.42000" os-version="Microsoft Windows NT 6.2.9200.0" platform="Win32NT" cwd="D:\Учеба\DesignOfInformationSystems\Inheritance.DataStructure.csproj\bin\Debug" machine-name="DESKTOP-U60P5L1" user="user" user-domain="DESKTOP-U60P5L1" culture="ru-RU" uiculture="ru-RU" os-architecture="x86" />
    <settings>
      <setting name="WorkDirectory" value="D:\Учеба\DesignOfInformationSystems\Inheritance.DataStructure.csproj\bin\Debug" />
      <setting name="NumberOfTestWorkers" value="12" />
    </settings>
    <properties>
      <property name="_PID" value="22076" />
      <property name="_APPDOMAIN" value="Inheritance.DataStructure.exe" />
    </properties>
    <test-suite type="TestSuite" id="1008" name="Inheritance" fullname="Inheritance" runstate="Runnable" testcasecount="6" result="Passed" start-time="2021-04-24 06:30:00Z" end-time="2021-04-24 06:30:00Z" duration="0.249524" total="6" passed="6" failed="0" warnings="0" inconclusive="0" skipped="0" asserts="145">
      <test-suite type="TestSuite" id="1009" name="DataStructure" fullname="Inheritance.DataStructure" runstate="Runnable" testcasecount="6" result="Passed" start-time="2021-04-24 06:30:00Z" end-time="2021-04-24 06:30:00Z" duration="0.218963" total="6" passed="6" failed="0" warnings="0" inconclusive="0" skipped="0" asserts="145">
        <test-suite type="TestFixture" id="1000" name="Category_should" fullname="Inheritance.DataStructure.Category_should" classname="Inheritance.DataStructure.Category_should" runstate="Runnable" testcasecount="6" result="Passed" start-time="2021-04-24 06:30:00Z" end-time="2021-04-24 06:30:00Z" duration="0.188394" total="6" passed="6" failed="0" warnings="0" inconclusive="0" skipped="0" asserts="145">
          <test-case id="1003" name="ImplementCompareToCorrectly" fullname="Inheritance.DataStructure.Category_should.ImplementCompareToCorrectly" methodname="ImplementCompareToCorrectly" classname="Inheritance.DataStructure.Category_should" runstate="Runnable" seed="1704205932" result="Passed" start-time="2021-04-24 06:30:00Z" end-time="2021-04-24 06:30:00Z" duration="0.008630" asserts="17" />
          <test-case id="1001" name="ImplementEqualsCorrectly" fullname="Inheritance.DataStructure.Category_should.ImplementEqualsCorrectly" methodname="ImplementEqualsCorrectly" classname="Inheritance.DataStructure.Category_should" runstate="Runnable" seed="1580204129" result="Passed" start-time="2021-04-24 06:30:00Z" end-time="2021-04-24 06:30:00Z" duration="0.001882" asserts="17" />
          <test-case id="1002" name="ImplementGetHashCodeCorrectly" fullname="Inheritance.DataStructure.Category_should.ImplementGetHashCodeCorrectly" methodname="ImplementGetHashCodeCorrectly" classname="Inheritance.DataStructure.Category_should" runstate="Runnable" seed="1870778202" result="Passed" start-time="2021-04-24 06:30:00Z" end-time="2021-04-24 06:30:00Z" duration="0.002771" asserts="13" />
          <test-case id="1005" name="ImplementIComparableInterface" fullname="Inheritance.DataStructure.Category_should.ImplementIComparableInterface" methodname="ImplementIComparableInterface" classname="Inheritance.DataStructure.Category_should" runstate="Runnable" seed="770679680" result="Passed" start-time="2021-04-24 06:30:00Z" end-time="2021-04-24 06:30:00Z" duration="0.000145" asserts="1" />
          <test-case id="1004" name="ImplementOperatorsCorrectly" fullname="Inheritance.DataStructure.Category_should.ImplementOperatorsCorrectly" methodname="ImplementOperatorsCorrectly" classname="Inheritance.DataStructure.Category_should" runstate="Runnable" seed="1620226860" result="Passed" start-time="2021-04-24 06:30:00Z" end-time="2021-04-24 06:30:00Z" duration="0.000898" asserts="96" />
          <test-case id="1006" name="ImplementToStringCorrectly" fullname="Inheritance.DataStructure.Category_should.ImplementToStringCorrectly" methodname="ImplementToStringCorrectly" classname="Inheritance.DataStructure.Category_should" runstate="Runnable" seed="1144330688" result="Passed" start-time="2021-04-24 06:30:00Z" end-time="2021-04-24 06:30:00Z" duration="0.000456" asserts="1" />
        </test-suite>
      </test-suite>
    </test-suite>
  </test-suite>
</test-run>