<?xml version="1.0" encoding="utf-8"?>
<test-run id="2" name="Generics.BinaryTree.exe" fullname="D:/Учеба/DesignOfInformationSystems/Generics.BinaryTrees.csproj/bin/Debug/Generics.BinaryTree.exe" testcasecount="8" result="Passed" start-time="2021-05-14 18:44:54Z" end-time="2021-05-14 18:44:55Z" duration="0.438685" total="8" passed="8" failed="0" inconclusive="0" skipped="0" asserts="10" random-seed="2109620890">
  <command-line><![CDATA["D:\Учеба\DesignOfInformationSystems\Generics.BinaryTrees.csproj\bin\Debug\Generics.BinaryTree.exe"   ]]></command-line>
  <filter />
  <test-suite type="Assembly" id="1009" name="Generics.BinaryTree.exe" fullname="D:/Учеба/DesignOfInformationSystems/Generics.BinaryTrees.csproj/bin/Debug/Generics.BinaryTree.exe" runstate="Runnable" testcasecount="8" result="Passed" start-time="2021-05-14 18:44:54Z" end-time="2021-05-14 18:44:55Z" duration="0.438685" total="8" passed="8" failed="0" warnings="0" inconclusive="0" skipped="0" asserts="10">
    <environment framework-version="3.6.0.0" clr-version="4.0.30319.42000" os-version="Microsoft Windows NT 6.2.9200.0" platform="Win32NT" cwd="D:\Учеба\DesignOfInformationSystems\Generics.BinaryTrees.csproj\bin\Debug" machine-name="DESKTOP-U60P5L1" user="user" user-domain="DESKTOP-U60P5L1" culture="ru-RU" uiculture="ru-RU" os-architecture="x86" />
    <settings>
      <setting name="WorkDirectory" value="D:\Учеба\DesignOfInformationSystems\Generics.BinaryTrees.csproj\bin\Debug" />
      <setting name="NumberOfTestWorkers" value="12" />
    </settings>
    <properties>
      <property name="_PID" value="32032" />
      <property name="_APPDOMAIN" value="Generics.BinaryTree.exe" />
    </properties>
    <test-suite type="TestSuite" id="1010" name="Generics" fullname="Generics" runstate="Runnable" testcasecount="8" result="Passed" start-time="2021-05-14 18:44:54Z" end-time="2021-05-14 18:44:55Z" duration="0.406841" total="8" passed="8" failed="0" warnings="0" inconclusive="0" skipped="0" asserts="10">
      <test-suite type="TestSuite" id="1011" name="BinaryTrees" fullname="Generics.BinaryTrees" runstate="Runnable" testcasecount="8" result="Passed" start-time="2021-05-14 18:44:54Z" end-time="2021-05-14 18:44:55Z" duration="0.376453" total="8" passed="8" failed="0" warnings="0" inconclusive="0" skipped="0" asserts="10">
        <test-suite type="TestFixture" id="1000" name="BinaryTree_should" fullname="Generics.BinaryTrees.BinaryTree_should" classname="Generics.BinaryTrees.BinaryTree_should" runstate="Runnable" testcasecount="8" result="Passed" start-time="2021-05-14 18:44:54Z" end-time="2021-05-14 18:44:55Z" duration="0.345635" total="8" passed="8" failed="0" warnings="0" inconclusive="0" skipped="0" asserts="10">
          <test-case id="1001" name="BeEmptyWhenCreated" fullname="Generics.BinaryTrees.BinaryTree_should.BeEmptyWhenCreated" methodname="BeEmptyWhenCreated" classname="Generics.BinaryTrees.BinaryTree_should" runstate="Runnable" seed="625379675" result="Passed" start-time="2021-05-14 18:44:54Z" end-time="2021-05-14 18:44:54Z" duration="0.009191" asserts="1" />
          <test-case id="1007" name="CanStoreDefaultValueOfT" fullname="Generics.BinaryTrees.BinaryTree_should.CanStoreDefaultValueOfT" methodname="CanStoreDefaultValueOfT" classname="Generics.BinaryTrees.BinaryTree_should" runstate="Runnable" seed="57264670" result="Passed" start-time="2021-05-14 18:44:55Z" end-time="2021-05-14 18:44:55Z" duration="0.001624" asserts="1" />
          <test-case id="1008" name="EnumerationIsLazy" fullname="Generics.BinaryTrees.BinaryTree_should.EnumerationIsLazy" methodname="EnumerationIsLazy" classname="Generics.BinaryTrees.BinaryTree_should" runstate="Runnable" seed="1445927638" result="Passed" start-time="2021-05-14 18:44:55Z" end-time="2021-05-14 18:44:55Z" duration="0.104264" asserts="0" />
          <test-case id="1005" name="InitializeFromAnArrayAndSort1" fullname="Generics.BinaryTrees.BinaryTree_should.InitializeFromAnArrayAndSort1" methodname="InitializeFromAnArrayAndSort1" classname="Generics.BinaryTrees.BinaryTree_should" runstate="Runnable" seed="722659249" result="Passed" start-time="2021-05-14 18:44:55Z" end-time="2021-05-14 18:44:55Z" duration="0.000227" asserts="1" />
          <test-case id="1006" name="InitializeFromAnArrayAndSort2" fullname="Generics.BinaryTrees.BinaryTree_should.InitializeFromAnArrayAndSort2" methodname="InitializeFromAnArrayAndSort2" classname="Generics.BinaryTrees.BinaryTree_should" runstate="Runnable" seed="507226569" result="Passed" start-time="2021-05-14 18:44:55Z" end-time="2021-05-14 18:44:55Z" duration="0.000244" asserts="1" />
          <test-case id="1003" name="PlaceEqualElementToLeft" fullname="Generics.BinaryTrees.BinaryTree_should.PlaceEqualElementToLeft" methodname="PlaceEqualElementToLeft" classname="Generics.BinaryTrees.BinaryTree_should" runstate="Runnable" seed="1814382217" result="Passed" start-time="2021-05-14 18:44:55Z" end-time="2021-05-14 18:44:55Z" duration="0.000606" asserts="2" />
          <test-case id="1004" name="PlaceGreaterElementToRight" fullname="Generics.BinaryTrees.BinaryTree_should.PlaceGreaterElementToRight" methodname="PlaceGreaterElementToRight" classname="Generics.BinaryTrees.BinaryTree_should" runstate="Runnable" seed="64550493" result="Passed" start-time="2021-05-14 18:44:55Z" end-time="2021-05-14 18:44:55Z" duration="0.000320" asserts="2" />
          <test-case id="1002" name="PlaceLesserElementToLeft" fullname="Generics.BinaryTrees.BinaryTree_should.PlaceLesserElementToLeft" methodname="PlaceLesserElementToLeft" classname="Generics.BinaryTrees.BinaryTree_should" runstate="Runnable" seed="303847936" result="Passed" start-time="2021-05-14 18:44:55Z" end-time="2021-05-14 18:44:55Z" duration="0.000331" asserts="2" />
        </test-suite>
      </test-suite>
    </test-suite>
  </test-suite>
</test-run>