<?xml version="1.0" encoding="utf-8"?>
<test-run id="2" name="Generics.Table.exe" fullname="D:/Учеба/DesignOfInformationSystems/Generics.Tables.csproj/bin/Debug/Generics.Table.exe" testcasecount="14" result="Passed" start-time="2021-04-17 16:40:30Z" end-time="2021-04-17 16:40:31Z" duration="0.603607" total="14" passed="14" failed="0" inconclusive="0" skipped="0" asserts="24" random-seed="90700155">
  <command-line><![CDATA["D:\Учеба\DesignOfInformationSystems\Generics.Tables.csproj\bin\Debug\Generics.Table.exe"   ]]></command-line>
  <filter />
  <test-suite type="Assembly" id="1017" name="Generics.Table.exe" fullname="D:/Учеба/DesignOfInformationSystems/Generics.Tables.csproj/bin/Debug/Generics.Table.exe" runstate="Runnable" testcasecount="14" result="Passed" start-time="2021-04-17 16:40:30Z" end-time="2021-04-17 16:40:31Z" duration="0.603607" total="14" passed="14" failed="0" warnings="0" inconclusive="0" skipped="0" asserts="24">
    <environment framework-version="3.6.0.0" clr-version="4.0.30319.42000" os-version="Microsoft Windows NT 6.2.9200.0" platform="Win32NT" cwd="D:\Учеба\DesignOfInformationSystems\Generics.Tables.csproj\bin\Debug" machine-name="DESKTOP-U60P5L1" user="user" user-domain="DESKTOP-U60P5L1" culture="ru-RU" uiculture="ru-RU" os-architecture="x86" />
    <settings>
      <setting name="WorkDirectory" value="D:\Учеба\DesignOfInformationSystems\Generics.Tables.csproj\bin\Debug" />
      <setting name="NumberOfTestWorkers" value="12" />
    </settings>
    <properties>
      <property name="_PID" value="13588" />
      <property name="_APPDOMAIN" value="Generics.Table.exe" />
    </properties>
    <test-suite type="TestSuite" id="1018" name="Generics" fullname="Generics" runstate="Runnable" testcasecount="14" result="Passed" start-time="2021-04-17 16:40:30Z" end-time="2021-04-17 16:40:31Z" duration="0.571720" total="14" passed="14" failed="0" warnings="0" inconclusive="0" skipped="0" asserts="24">
      <test-suite type="TestSuite" id="1019" name="Tables" fullname="Generics.Tables" runstate="Runnable" testcasecount="14" result="Passed" start-time="2021-04-17 16:40:30Z" end-time="2021-04-17 16:40:31Z" duration="0.539717" total="14" passed="14" failed="0" warnings="0" inconclusive="0" skipped="0" asserts="24">
        <test-suite type="TestFixture" id="1013" name="TableBothIndices_should" fullname="Generics.Tables.TableBothIndices_should" classname="Generics.Tables.TableBothIndices_should" runstate="Runnable" testcasecount="3" result="Passed" start-time="2021-04-17 16:40:30Z" end-time="2021-04-17 16:40:30Z" duration="0.095787" total="3" passed="3" failed="0" warnings="0" inconclusive="0" skipped="0" asserts="3">
          <test-case id="1014" name="WorkTogether1" fullname="Generics.Tables.TableBothIndices_should.WorkTogether1" methodname="WorkTogether1" classname="Generics.Tables.TableBothIndices_should" runstate="Runnable" seed="1786308206" result="Passed" start-time="2021-04-17 16:40:30Z" end-time="2021-04-17 16:40:30Z" duration="0.013517" asserts="1" />
          <test-case id="1015" name="WorkTogether2" fullname="Generics.Tables.TableBothIndices_should.WorkTogether2" methodname="WorkTogether2" classname="Generics.Tables.TableBothIndices_should" runstate="Runnable" seed="1471822574" result="Passed" start-time="2021-04-17 16:40:30Z" end-time="2021-04-17 16:40:30Z" duration="0.000544" asserts="1" />
          <test-case id="1016" name="WorkTogether3" fullname="Generics.Tables.TableBothIndices_should.WorkTogether3" methodname="WorkTogether3" classname="Generics.Tables.TableBothIndices_should" runstate="Runnable" seed="1597185576" result="Passed" start-time="2021-04-17 16:40:30Z" end-time="2021-04-17 16:40:30Z" duration="0.008894" asserts="1" />
        </test-suite>
        <test-suite type="TestFixture" id="1006" name="TableExistedIndex_should" fullname="Generics.Tables.TableExistedIndex_should" classname="Generics.Tables.TableExistedIndex_should" runstate="Runnable" testcasecount="6" result="Passed" start-time="2021-04-17 16:40:30Z" end-time="2021-04-17 16:40:31Z" duration="0.190896" total="6" passed="6" failed="0" warnings="0" inconclusive="0" skipped="0" asserts="6">
          <test-case id="1008" name="FailIfGettingFromNonExistingColumn" fullname="Generics.Tables.TableExistedIndex_should.FailIfGettingFromNonExistingColumn" methodname="FailIfGettingFromNonExistingColumn" classname="Generics.Tables.TableExistedIndex_should" runstate="Runnable" seed="2017899640" result="Passed" start-time="2021-04-17 16:40:30Z" end-time="2021-04-17 16:40:30Z" duration="0.000483" asserts="1" />
          <test-case id="1007" name="FailIfGettingFromNonExistingRow" fullname="Generics.Tables.TableExistedIndex_should.FailIfGettingFromNonExistingRow" methodname="FailIfGettingFromNonExistingRow" classname="Generics.Tables.TableExistedIndex_should" runstate="Runnable" seed="695267175" result="Passed" start-time="2021-04-17 16:40:30Z" end-time="2021-04-17 16:40:30Z" duration="0.000276" asserts="1" />
          <test-case id="1010" name="FailIfSettingToNonExistingColumn" fullname="Generics.Tables.TableExistedIndex_should.FailIfSettingToNonExistingColumn" methodname="FailIfSettingToNonExistingColumn" classname="Generics.Tables.TableExistedIndex_should" runstate="Runnable" seed="279878303" result="Passed" start-time="2021-04-17 16:40:30Z" end-time="2021-04-17 16:40:30Z" duration="0.000377" asserts="1" />
          <test-case id="1009" name="FailIfSettingToNonExistingRow" fullname="Generics.Tables.TableExistedIndex_should.FailIfSettingToNonExistingRow" methodname="FailIfSettingToNonExistingRow" classname="Generics.Tables.TableExistedIndex_should" runstate="Runnable" seed="724718929" result="Passed" start-time="2021-04-17 16:40:30Z" end-time="2021-04-17 16:40:30Z" duration="0.000428" asserts="1" />
          <test-case id="1012" name="GetDefaultIfNoValueSet" fullname="Generics.Tables.TableExistedIndex_should.GetDefaultIfNoValueSet" methodname="GetDefaultIfNoValueSet" classname="Generics.Tables.TableExistedIndex_should" runstate="Runnable" seed="519950589" result="Passed" start-time="2021-04-17 16:40:30Z" end-time="2021-04-17 16:40:30Z" duration="0.000200" asserts="1" />
          <test-case id="1011" name="SetToExistedRowAndColumn" fullname="Generics.Tables.TableExistedIndex_should.SetToExistedRowAndColumn" methodname="SetToExistedRowAndColumn" classname="Generics.Tables.TableExistedIndex_should" runstate="Runnable" seed="202556349" result="Passed" start-time="2021-04-17 16:40:30Z" end-time="2021-04-17 16:40:30Z" duration="0.000264" asserts="1" />
        </test-suite>
        <test-suite type="TestFixture" id="1000" name="TableOpenIndex_should" fullname="Generics.Tables.TableOpenIndex_should" classname="Generics.Tables.TableOpenIndex_should" runstate="Runnable" testcasecount="5" result="Passed" start-time="2021-04-17 16:40:31Z" end-time="2021-04-17 16:40:31Z" duration="0.159028" total="5" passed="5" failed="0" warnings="0" inconclusive="0" skipped="0" asserts="15">
          <test-case id="1001" name="AddColumnsAndRows" fullname="Generics.Tables.TableOpenIndex_should.AddColumnsAndRows" methodname="AddColumnsAndRows" classname="Generics.Tables.TableOpenIndex_should" runstate="Runnable" seed="880325285" result="Passed" start-time="2021-04-17 16:40:31Z" end-time="2021-04-17 16:40:31Z" duration="0.002010" asserts="3" />
          <test-case id="1002" name="DontAddExistedColumnsAndRows1" fullname="Generics.Tables.TableOpenIndex_should.DontAddExistedColumnsAndRows1" methodname="DontAddExistedColumnsAndRows1" classname="Generics.Tables.TableOpenIndex_should" runstate="Runnable" seed="1101570459" result="Passed" start-time="2021-04-17 16:40:31Z" end-time="2021-04-17 16:40:31Z" duration="0.000445" asserts="3" />
          <test-case id="1003" name="DontAddExistedColumnsAndRows2" fullname="Generics.Tables.TableOpenIndex_should.DontAddExistedColumnsAndRows2" methodname="DontAddExistedColumnsAndRows2" classname="Generics.Tables.TableOpenIndex_should" runstate="Runnable" seed="1814182414" result="Passed" start-time="2021-04-17 16:40:31Z" end-time="2021-04-17 16:40:31Z" duration="0.000324" asserts="3" />
          <test-case id="1004" name="ReturnDefaultIfNoValueSet1" fullname="Generics.Tables.TableOpenIndex_should.ReturnDefaultIfNoValueSet1" methodname="ReturnDefaultIfNoValueSet1" classname="Generics.Tables.TableOpenIndex_should" runstate="Runnable" seed="566508546" result="Passed" start-time="2021-04-17 16:40:31Z" end-time="2021-04-17 16:40:31Z" duration="0.000265" asserts="3" />
          <test-case id="1005" name="ReturnDefaultIfNoValueSet2" fullname="Generics.Tables.TableOpenIndex_should.ReturnDefaultIfNoValueSet2" methodname="ReturnDefaultIfNoValueSet2" classname="Generics.Tables.TableOpenIndex_should" runstate="Runnable" seed="1640370753" result="Passed" start-time="2021-04-17 16:40:31Z" end-time="2021-04-17 16:40:31Z" duration="0.000270" asserts="3" />
        </test-suite>
      </test-suite>
    </test-suite>
  </test-suite>
</test-run>