<?xml version="1.0" encoding="utf-8"?>
<test-run id="2" name="Delegates.Reports.exe" fullname="D:/Учеба/прога/ulearn/пис/DesignOfInformationSystems/Delegates.Reports.csproj/bin/Debug/Delegates.Reports.exe" testcasecount="4" result="Passed" start-time="2021-04-26 06:43:56Z" end-time="2021-04-26 06:43:56Z" duration="0.248183" total="4" passed="4" failed="0" inconclusive="0" skipped="0" asserts="4" random-seed="1737136744">
  <command-line><![CDATA["D:\Учеба\прога\ulearn\пис\DesignOfInformationSystems\Delegates.Reports.csproj\bin\Debug\Delegates.Reports.exe"   ]]></command-line>
  <filter />
  <test-suite type="Assembly" id="1005" name="Delegates.Reports.exe" fullname="D:/Учеба/прога/ulearn/пис/DesignOfInformationSystems/Delegates.Reports.csproj/bin/Debug/Delegates.Reports.exe" runstate="Runnable" testcasecount="4" result="Passed" start-time="2021-04-26 06:43:56Z" end-time="2021-04-26 06:43:56Z" duration="0.248183" total="4" passed="4" failed="0" warnings="0" inconclusive="0" skipped="0" asserts="4">
    <environment framework-version="3.6.0.0" clr-version="4.0.30319.42000" os-version="Microsoft Windows NT 6.2.9200.0" platform="Win32NT" cwd="D:\Учеба\прога\ulearn\пис\DesignOfInformationSystems\Delegates.Reports.csproj\bin\Debug" machine-name="DESKTOP-SVC8GHR" user="user" user-domain="DESKTOP-SVC8GHR" culture="ru-RU" uiculture="ru-RU" os-architecture="x86" />
    <settings>
      <setting name="WorkDirectory" value="D:\Учеба\прога\ulearn\пис\DesignOfInformationSystems\Delegates.Reports.csproj\bin\Debug" />
      <setting name="NumberOfTestWorkers" value="8" />
    </settings>
    <properties>
      <property name="_PID" value="10960" />
      <property name="_APPDOMAIN" value="Delegates.Reports.exe" />
    </properties>
    <test-suite type="TestSuite" id="1006" name="Delegates" fullname="Delegates" runstate="Runnable" testcasecount="4" result="Passed" start-time="2021-04-26 06:43:56Z" end-time="2021-04-26 06:43:56Z" duration="0.217278" total="4" passed="4" failed="0" warnings="0" inconclusive="0" skipped="0" asserts="4">
      <test-suite type="TestSuite" id="1007" name="Reports" fullname="Delegates.Reports" runstate="Runnable" testcasecount="4" result="Passed" start-time="2021-04-26 06:43:56Z" end-time="2021-04-26 06:43:56Z" duration="0.186842" total="4" passed="4" failed="0" warnings="0" inconclusive="0" skipped="0" asserts="4">
        <test-suite type="TestFixture" id="1000" name="ReportMaker_should" fullname="Delegates.Reports.ReportMaker_should" classname="Delegates.Reports.ReportMaker_should" runstate="Runnable" testcasecount="4" result="Passed" start-time="2021-04-26 06:43:56Z" end-time="2021-04-26 06:43:56Z" duration="0.156693" total="4" passed="4" failed="0" warnings="0" inconclusive="0" skipped="0" asserts="4">
          <test-case id="1001" name="MeanAndStdHtml" fullname="Delegates.Reports.ReportMaker_should.MeanAndStdHtml" methodname="MeanAndStdHtml" classname="Delegates.Reports.ReportMaker_should" runstate="Runnable" seed="150600621" result="Passed" start-time="2021-04-26 06:43:56Z" end-time="2021-04-26 06:43:56Z" duration="0.018164" asserts="1" />
          <test-case id="1003" name="MeanAndStdMarkdown" fullname="Delegates.Reports.ReportMaker_should.MeanAndStdMarkdown" methodname="MeanAndStdMarkdown" classname="Delegates.Reports.ReportMaker_should" runstate="Runnable" seed="2102099590" result="Passed" start-time="2021-04-26 06:43:56Z" end-time="2021-04-26 06:43:56Z" duration="0.000608" asserts="1">
            <properties>
              <property name="Description" value="Новый тест, который нужно сделать рабочим после рефакторинга" />
            </properties>
          </test-case>
          <test-case id="1004" name="MedianHtml" fullname="Delegates.Reports.ReportMaker_should.MedianHtml" methodname="MedianHtml" classname="Delegates.Reports.ReportMaker_should" runstate="Runnable" seed="1646314493" result="Passed" start-time="2021-04-26 06:43:56Z" end-time="2021-04-26 06:43:56Z" duration="0.005045" asserts="1">
            <properties>
              <property name="Description" value="Новый тест, который нужно сделать рабочим после рефакторинга" />
            </properties>
          </test-case>
          <test-case id="1002" name="MedianMarkdown" fullname="Delegates.Reports.ReportMaker_should.MedianMarkdown" methodname="MedianMarkdown" classname="Delegates.Reports.ReportMaker_should" runstate="Runnable" seed="1451088363" result="Passed" start-time="2021-04-26 06:43:56Z" end-time="2021-04-26 06:43:56Z" duration="0.000589" asserts="1" />
        </test-suite>
      </test-suite>
    </test-suite>
  </test-suite>
</test-run>